[2022-03-18 06:32:36,626] {taskinstance.py:1032} INFO - Dependencies all met for <TaskInstance: upload_to_gcs_dag.to_csv scheduled__2022-03-17T00:00:00+00:00 [queued]>
[2022-03-18 06:32:36,986] {taskinstance.py:1032} INFO - Dependencies all met for <TaskInstance: upload_to_gcs_dag.to_csv scheduled__2022-03-17T00:00:00+00:00 [queued]>
[2022-03-18 06:32:36,988] {taskinstance.py:1238} INFO - 
--------------------------------------------------------------------------------
[2022-03-18 06:32:36,988] {taskinstance.py:1239} INFO - Starting attempt 1 of 2
[2022-03-18 06:32:36,989] {taskinstance.py:1240} INFO - 
--------------------------------------------------------------------------------
[2022-03-18 06:32:38,047] {taskinstance.py:1259} INFO - Executing <Task(PythonOperator): to_csv> on 2022-03-17 00:00:00+00:00
[2022-03-18 06:32:38,075] {standard_task_runner.py:52} INFO - Started process 2506 to run task
[2022-03-18 06:32:38,087] {standard_task_runner.py:76} INFO - Running: ['***', 'tasks', 'run', 'upload_to_gcs_dag', 'to_csv', 'scheduled__2022-03-17T00:00:00+00:00', '--job-id', '6', '--raw', '--subdir', 'DAGS_FOLDER/upload_to_gcs_dag.py', '--cfg-path', '/tmp/tmp596iovax', '--error-file', '/tmp/tmpvvk8wn8s']
[2022-03-18 06:32:38,095] {standard_task_runner.py:77} INFO - Job 6: Subtask to_csv
[2022-03-18 06:32:38,613] {logging_mixin.py:109} INFO - Running <TaskInstance: upload_to_gcs_dag.to_csv scheduled__2022-03-17T00:00:00+00:00 [running]> on host 18814760df26
[2022-03-18 06:32:40,087] {taskinstance.py:1426} INFO - Exporting the following env vars:
AIRFLOW_CTX_DAG_OWNER=***
AIRFLOW_CTX_DAG_ID=upload_to_gcs_dag
AIRFLOW_CTX_TASK_ID=to_csv
AIRFLOW_CTX_EXECUTION_DATE=2022-03-17T00:00:00+00:00
AIRFLOW_CTX_DAG_RUN_ID=scheduled__2022-03-17T00:00:00+00:00
[2022-03-18 06:32:40,091] {logging_mixin.py:109} INFO - file_path: /opt/***/combined_data_1.txt
[2022-03-18 06:33:33,893] {logging_mixin.py:109} INFO - Convertation complete for /opt/***/combined_data_1.txt
[2022-03-18 06:33:33,894] {logging_mixin.py:109} INFO - 
[2022-03-18 06:33:33,894] {logging_mixin.py:109} INFO - file_path: /opt/***/combined_data_2.txt
[2022-03-18 06:35:34,209] {logging_mixin.py:109} INFO - Convertation complete for /opt/***/combined_data_2.txt
[2022-03-18 06:35:34,210] {logging_mixin.py:109} INFO - 
[2022-03-18 06:35:34,210] {logging_mixin.py:109} INFO - file_path: /opt/***/combined_data_3.txt
[2022-03-18 06:36:43,142] {logging_mixin.py:109} INFO - Convertation complete for /opt/***/combined_data_3.txt
[2022-03-18 06:36:43,143] {logging_mixin.py:109} INFO - 
[2022-03-18 06:36:43,143] {logging_mixin.py:109} INFO - file_path: /opt/***/combined_data_4.txt
[2022-03-18 06:37:58,879] {logging_mixin.py:109} INFO - Convertation complete for /opt/***/combined_data_4.txt
[2022-03-18 06:37:58,899] {logging_mixin.py:109} INFO - 
[2022-03-18 06:37:58,901] {python.py:175} INFO - Done. Returned value was: None
[2022-03-18 06:37:59,047] {taskinstance.py:1277} INFO - Marking task as SUCCESS. dag_id=upload_to_gcs_dag, task_id=to_csv, execution_date=20220317T000000, start_date=20220318T063236, end_date=20220318T063759
[2022-03-18 06:38:00,450] {local_task_job.py:154} INFO - Task exited with return code 0
[2022-03-18 06:38:01,475] {local_task_job.py:264} INFO - 0 downstream tasks scheduled from follow-on schedule check
[2022-03-18 09:40:43,625] {taskinstance.py:1032} INFO - Dependencies all met for <TaskInstance: upload_to_gcs_dag.to_csv scheduled__2022-03-17T00:00:00+00:00 [queued]>
[2022-03-18 09:40:43,687] {taskinstance.py:1032} INFO - Dependencies all met for <TaskInstance: upload_to_gcs_dag.to_csv scheduled__2022-03-17T00:00:00+00:00 [queued]>
[2022-03-18 09:40:43,688] {taskinstance.py:1238} INFO - 
--------------------------------------------------------------------------------
[2022-03-18 09:40:43,689] {taskinstance.py:1239} INFO - Starting attempt 1 of 2
[2022-03-18 09:40:43,689] {taskinstance.py:1240} INFO - 
--------------------------------------------------------------------------------
[2022-03-18 09:40:45,777] {taskinstance.py:1259} INFO - Executing <Task(PythonOperator): to_csv> on 2022-03-17 00:00:00+00:00
[2022-03-18 09:40:45,784] {standard_task_runner.py:52} INFO - Started process 193 to run task
[2022-03-18 09:40:45,789] {standard_task_runner.py:76} INFO - Running: ['***', 'tasks', 'run', 'upload_to_gcs_dag', 'to_csv', 'scheduled__2022-03-17T00:00:00+00:00', '--job-id', '4', '--raw', '--subdir', 'DAGS_FOLDER/upload_to_gcs_dag.py', '--cfg-path', '/tmp/tmp23ma0zgv', '--error-file', '/tmp/tmp37f1hnvr']
[2022-03-18 09:40:45,790] {standard_task_runner.py:77} INFO - Job 4: Subtask to_csv
[2022-03-18 09:40:46,585] {logging_mixin.py:109} INFO - Running <TaskInstance: upload_to_gcs_dag.to_csv scheduled__2022-03-17T00:00:00+00:00 [running]> on host 777e2f1225f4
[2022-03-18 09:40:59,677] {taskinstance.py:1426} INFO - Exporting the following env vars:
AIRFLOW_CTX_DAG_OWNER=***
AIRFLOW_CTX_DAG_ID=upload_to_gcs_dag
AIRFLOW_CTX_TASK_ID=to_csv
AIRFLOW_CTX_EXECUTION_DATE=2022-03-17T00:00:00+00:00
AIRFLOW_CTX_DAG_RUN_ID=scheduled__2022-03-17T00:00:00+00:00
[2022-03-18 09:42:53,166] {logging_mixin.py:109} INFO - Convertation complete for /opt/***/combined_data_1.txt
[2022-03-18 09:42:53,166] {logging_mixin.py:109} INFO - 
[2022-03-18 09:44:40,935] {logging_mixin.py:109} INFO - Convertation complete for /opt/***/combined_data_2.txt
[2022-03-18 09:44:41,173] {logging_mixin.py:109} INFO - 
[2022-03-18 09:45:32,033] {logging_mixin.py:109} INFO - Convertation complete for /opt/***/combined_data_3.txt
[2022-03-18 09:45:32,033] {logging_mixin.py:109} INFO - 
[2022-03-18 09:46:48,957] {logging_mixin.py:109} INFO - Convertation complete for /opt/***/combined_data_4.txt
[2022-03-18 09:46:48,958] {logging_mixin.py:109} INFO - 
[2022-03-18 09:46:48,958] {python.py:175} INFO - Done. Returned value was: None
[2022-03-18 09:46:48,970] {taskinstance.py:1277} INFO - Marking task as SUCCESS. dag_id=upload_to_gcs_dag, task_id=to_csv, execution_date=20220317T000000, start_date=20220318T094043, end_date=20220318T094648
[2022-03-18 09:46:53,188] {local_task_job.py:154} INFO - Task exited with return code 0
[2022-03-18 09:46:54,650] {local_task_job.py:264} INFO - 0 downstream tasks scheduled from follow-on schedule check
