[2022-03-09 14:35:48,646] {processor.py:163} INFO - Started process (PID=39) to work on /opt/airflow/dags/upload_to_gcs_dag.py
[2022-03-09 14:35:48,651] {processor.py:642} INFO - Processing file /opt/airflow/dags/upload_to_gcs_dag.py for tasks to queue
[2022-03-09 14:35:48,654] {logging_mixin.py:109} INFO - [2022-03-09 14:35:48,654] {dagbag.py:500} INFO - Filling up the DagBag from /opt/airflow/dags/upload_to_gcs_dag.py
[2022-03-09 14:36:04,871] {processor.py:654} INFO - DAG(s) dict_keys(['upload_to_gcs_dag']) retrieved from /opt/airflow/dags/upload_to_gcs_dag.py
[2022-03-09 14:36:16,927] {logging_mixin.py:109} INFO - [2022-03-09 14:36:16,927] {manager.py:496} INFO - Created Permission View: can read on DAG:upload_to_gcs_dag
[2022-03-09 14:36:17,341] {logging_mixin.py:109} INFO - [2022-03-09 14:36:17,341] {manager.py:496} INFO - Created Permission View: can edit on DAG:upload_to_gcs_dag
[2022-03-09 14:36:17,342] {logging_mixin.py:109} INFO - [2022-03-09 14:36:17,342] {dag.py:2396} INFO - Sync 1 DAGs
[2022-03-09 14:36:17,352] {logging_mixin.py:109} INFO - [2022-03-09 14:36:17,351] {dag.py:2415} INFO - Creating ORM DAG for upload_to_gcs_dag
[2022-03-09 14:36:17,364] {logging_mixin.py:109} INFO - [2022-03-09 14:36:17,363] {dag.py:2935} INFO - Setting next_dagrun for upload_to_gcs_dag to 2022-03-08T00:00:00+00:00
[2022-03-09 14:36:17,614] {processor.py:171} INFO - Processing /opt/airflow/dags/upload_to_gcs_dag.py took 28.973 seconds
[2022-03-09 14:36:47,759] {processor.py:163} INFO - Started process (PID=85) to work on /opt/airflow/dags/upload_to_gcs_dag.py
[2022-03-09 14:36:47,762] {processor.py:642} INFO - Processing file /opt/airflow/dags/upload_to_gcs_dag.py for tasks to queue
[2022-03-09 14:36:47,764] {logging_mixin.py:109} INFO - [2022-03-09 14:36:47,764] {dagbag.py:500} INFO - Filling up the DagBag from /opt/airflow/dags/upload_to_gcs_dag.py
[2022-03-09 14:36:49,301] {processor.py:654} INFO - DAG(s) dict_keys(['upload_to_gcs_dag']) retrieved from /opt/airflow/dags/upload_to_gcs_dag.py
[2022-03-09 14:36:49,324] {logging_mixin.py:109} INFO - [2022-03-09 14:36:49,323] {dag.py:2396} INFO - Sync 1 DAGs
[2022-03-09 14:36:49,362] {logging_mixin.py:109} INFO - [2022-03-09 14:36:49,362] {dag.py:2935} INFO - Setting next_dagrun for upload_to_gcs_dag to 2022-03-08T00:00:00+00:00
[2022-03-09 14:36:49,418] {processor.py:171} INFO - Processing /opt/airflow/dags/upload_to_gcs_dag.py took 1.664 seconds
[2022-03-09 14:37:19,591] {processor.py:163} INFO - Started process (PID=108) to work on /opt/airflow/dags/upload_to_gcs_dag.py
[2022-03-09 14:37:19,593] {processor.py:642} INFO - Processing file /opt/airflow/dags/upload_to_gcs_dag.py for tasks to queue
[2022-03-09 14:37:19,594] {logging_mixin.py:109} INFO - [2022-03-09 14:37:19,594] {dagbag.py:500} INFO - Filling up the DagBag from /opt/airflow/dags/upload_to_gcs_dag.py
[2022-03-09 14:37:20,484] {processor.py:654} INFO - DAG(s) dict_keys(['upload_to_gcs_dag']) retrieved from /opt/airflow/dags/upload_to_gcs_dag.py
[2022-03-09 14:37:20,501] {logging_mixin.py:109} INFO - [2022-03-09 14:37:20,501] {dag.py:2396} INFO - Sync 1 DAGs
[2022-03-09 14:37:20,522] {logging_mixin.py:109} INFO - [2022-03-09 14:37:20,522] {dag.py:2935} INFO - Setting next_dagrun for upload_to_gcs_dag to 2022-03-08T00:00:00+00:00
[2022-03-09 14:37:20,576] {processor.py:171} INFO - Processing /opt/airflow/dags/upload_to_gcs_dag.py took 0.989 seconds
[2022-03-09 14:37:50,848] {processor.py:163} INFO - Started process (PID=132) to work on /opt/airflow/dags/upload_to_gcs_dag.py
[2022-03-09 14:37:50,854] {processor.py:642} INFO - Processing file /opt/airflow/dags/upload_to_gcs_dag.py for tasks to queue
[2022-03-09 14:37:50,863] {logging_mixin.py:109} INFO - [2022-03-09 14:37:50,863] {dagbag.py:500} INFO - Filling up the DagBag from /opt/airflow/dags/upload_to_gcs_dag.py
[2022-03-09 14:37:52,328] {processor.py:654} INFO - DAG(s) dict_keys(['upload_to_gcs_dag']) retrieved from /opt/airflow/dags/upload_to_gcs_dag.py
[2022-03-09 14:37:52,339] {logging_mixin.py:109} INFO - [2022-03-09 14:37:52,339] {dag.py:2396} INFO - Sync 1 DAGs
[2022-03-09 14:37:52,356] {logging_mixin.py:109} INFO - [2022-03-09 14:37:52,356] {dag.py:2935} INFO - Setting next_dagrun for upload_to_gcs_dag to 2022-03-08T00:00:00+00:00
[2022-03-09 14:37:52,407] {processor.py:171} INFO - Processing /opt/airflow/dags/upload_to_gcs_dag.py took 1.563 seconds
[2022-03-09 14:38:22,652] {processor.py:163} INFO - Started process (PID=167) to work on /opt/airflow/dags/upload_to_gcs_dag.py
[2022-03-09 14:38:22,654] {processor.py:642} INFO - Processing file /opt/airflow/dags/upload_to_gcs_dag.py for tasks to queue
[2022-03-09 14:38:22,655] {logging_mixin.py:109} INFO - [2022-03-09 14:38:22,655] {dagbag.py:500} INFO - Filling up the DagBag from /opt/airflow/dags/upload_to_gcs_dag.py
[2022-03-09 14:38:23,570] {processor.py:654} INFO - DAG(s) dict_keys(['upload_to_gcs_dag']) retrieved from /opt/airflow/dags/upload_to_gcs_dag.py
[2022-03-09 14:38:23,579] {logging_mixin.py:109} INFO - [2022-03-09 14:38:23,579] {dag.py:2396} INFO - Sync 1 DAGs
[2022-03-09 14:38:23,596] {logging_mixin.py:109} INFO - [2022-03-09 14:38:23,596] {dag.py:2935} INFO - Setting next_dagrun for upload_to_gcs_dag to 2022-03-08T00:00:00+00:00
[2022-03-09 14:38:23,640] {processor.py:171} INFO - Processing /opt/airflow/dags/upload_to_gcs_dag.py took 0.992 seconds
[2022-03-09 14:38:53,829] {processor.py:163} INFO - Started process (PID=191) to work on /opt/airflow/dags/upload_to_gcs_dag.py
[2022-03-09 14:38:53,830] {processor.py:642} INFO - Processing file /opt/airflow/dags/upload_to_gcs_dag.py for tasks to queue
[2022-03-09 14:38:53,832] {logging_mixin.py:109} INFO - [2022-03-09 14:38:53,832] {dagbag.py:500} INFO - Filling up the DagBag from /opt/airflow/dags/upload_to_gcs_dag.py
[2022-03-09 14:38:54,604] {processor.py:654} INFO - DAG(s) dict_keys(['upload_to_gcs_dag']) retrieved from /opt/airflow/dags/upload_to_gcs_dag.py
[2022-03-09 14:38:54,613] {logging_mixin.py:109} INFO - [2022-03-09 14:38:54,613] {dag.py:2396} INFO - Sync 1 DAGs
[2022-03-09 14:38:54,629] {logging_mixin.py:109} INFO - [2022-03-09 14:38:54,629] {dag.py:2935} INFO - Setting next_dagrun for upload_to_gcs_dag to 2022-03-08T00:00:00+00:00
[2022-03-09 14:38:54,672] {processor.py:171} INFO - Processing /opt/airflow/dags/upload_to_gcs_dag.py took 0.847 seconds
[2022-03-09 14:39:24,848] {processor.py:163} INFO - Started process (PID=216) to work on /opt/airflow/dags/upload_to_gcs_dag.py
[2022-03-09 14:39:24,851] {processor.py:642} INFO - Processing file /opt/airflow/dags/upload_to_gcs_dag.py for tasks to queue
[2022-03-09 14:39:24,853] {logging_mixin.py:109} INFO - [2022-03-09 14:39:24,852] {dagbag.py:500} INFO - Filling up the DagBag from /opt/airflow/dags/upload_to_gcs_dag.py
[2022-03-09 14:39:25,596] {processor.py:654} INFO - DAG(s) dict_keys(['upload_to_gcs_dag']) retrieved from /opt/airflow/dags/upload_to_gcs_dag.py
[2022-03-09 14:39:25,605] {logging_mixin.py:109} INFO - [2022-03-09 14:39:25,605] {dag.py:2396} INFO - Sync 1 DAGs
[2022-03-09 14:39:25,620] {logging_mixin.py:109} INFO - [2022-03-09 14:39:25,620] {dag.py:2935} INFO - Setting next_dagrun for upload_to_gcs_dag to 2022-03-08T00:00:00+00:00
[2022-03-09 14:39:25,664] {processor.py:171} INFO - Processing /opt/airflow/dags/upload_to_gcs_dag.py took 0.824 seconds
[2022-03-09 14:39:55,833] {processor.py:163} INFO - Started process (PID=250) to work on /opt/airflow/dags/upload_to_gcs_dag.py
[2022-03-09 14:39:55,835] {processor.py:642} INFO - Processing file /opt/airflow/dags/upload_to_gcs_dag.py for tasks to queue
[2022-03-09 14:39:55,836] {logging_mixin.py:109} INFO - [2022-03-09 14:39:55,836] {dagbag.py:500} INFO - Filling up the DagBag from /opt/airflow/dags/upload_to_gcs_dag.py
[2022-03-09 14:39:56,569] {processor.py:654} INFO - DAG(s) dict_keys(['upload_to_gcs_dag']) retrieved from /opt/airflow/dags/upload_to_gcs_dag.py
[2022-03-09 14:39:56,578] {logging_mixin.py:109} INFO - [2022-03-09 14:39:56,578] {dag.py:2396} INFO - Sync 1 DAGs
[2022-03-09 14:39:56,594] {logging_mixin.py:109} INFO - [2022-03-09 14:39:56,594] {dag.py:2935} INFO - Setting next_dagrun for upload_to_gcs_dag to 2022-03-08T00:00:00+00:00
[2022-03-09 14:39:56,641] {processor.py:171} INFO - Processing /opt/airflow/dags/upload_to_gcs_dag.py took 0.812 seconds
[2022-03-09 14:40:26,828] {processor.py:163} INFO - Started process (PID=273) to work on /opt/airflow/dags/upload_to_gcs_dag.py
[2022-03-09 14:40:26,830] {processor.py:642} INFO - Processing file /opt/airflow/dags/upload_to_gcs_dag.py for tasks to queue
[2022-03-09 14:40:26,832] {logging_mixin.py:109} INFO - [2022-03-09 14:40:26,832] {dagbag.py:500} INFO - Filling up the DagBag from /opt/airflow/dags/upload_to_gcs_dag.py
[2022-03-09 14:40:27,565] {processor.py:654} INFO - DAG(s) dict_keys(['upload_to_gcs_dag']) retrieved from /opt/airflow/dags/upload_to_gcs_dag.py
[2022-03-09 14:40:27,574] {logging_mixin.py:109} INFO - [2022-03-09 14:40:27,574] {dag.py:2396} INFO - Sync 1 DAGs
[2022-03-09 14:40:27,590] {logging_mixin.py:109} INFO - [2022-03-09 14:40:27,590] {dag.py:2935} INFO - Setting next_dagrun for upload_to_gcs_dag to 2022-03-08T00:00:00+00:00
[2022-03-09 14:40:27,695] {processor.py:171} INFO - Processing /opt/airflow/dags/upload_to_gcs_dag.py took 0.872 seconds
[2022-03-09 14:40:57,911] {processor.py:163} INFO - Started process (PID=307) to work on /opt/airflow/dags/upload_to_gcs_dag.py
[2022-03-09 14:40:57,912] {processor.py:642} INFO - Processing file /opt/airflow/dags/upload_to_gcs_dag.py for tasks to queue
[2022-03-09 14:40:57,913] {logging_mixin.py:109} INFO - [2022-03-09 14:40:57,913] {dagbag.py:500} INFO - Filling up the DagBag from /opt/airflow/dags/upload_to_gcs_dag.py
[2022-03-09 14:40:58,747] {processor.py:654} INFO - DAG(s) dict_keys(['upload_to_gcs_dag']) retrieved from /opt/airflow/dags/upload_to_gcs_dag.py
[2022-03-09 14:40:58,757] {logging_mixin.py:109} INFO - [2022-03-09 14:40:58,756] {dag.py:2396} INFO - Sync 1 DAGs
[2022-03-09 14:40:58,774] {logging_mixin.py:109} INFO - [2022-03-09 14:40:58,773] {dag.py:2935} INFO - Setting next_dagrun for upload_to_gcs_dag to 2022-03-08T00:00:00+00:00
[2022-03-09 14:40:58,819] {processor.py:171} INFO - Processing /opt/airflow/dags/upload_to_gcs_dag.py took 0.913 seconds
[2022-03-09 14:41:29,021] {processor.py:163} INFO - Started process (PID=332) to work on /opt/airflow/dags/upload_to_gcs_dag.py
[2022-03-09 14:41:29,025] {processor.py:642} INFO - Processing file /opt/airflow/dags/upload_to_gcs_dag.py for tasks to queue
[2022-03-09 14:41:29,027] {logging_mixin.py:109} INFO - [2022-03-09 14:41:29,026] {dagbag.py:500} INFO - Filling up the DagBag from /opt/airflow/dags/upload_to_gcs_dag.py
[2022-03-09 14:41:29,780] {processor.py:654} INFO - DAG(s) dict_keys(['upload_to_gcs_dag']) retrieved from /opt/airflow/dags/upload_to_gcs_dag.py
[2022-03-09 14:41:29,791] {logging_mixin.py:109} INFO - [2022-03-09 14:41:29,791] {dag.py:2396} INFO - Sync 1 DAGs
[2022-03-09 14:41:29,807] {logging_mixin.py:109} INFO - [2022-03-09 14:41:29,806] {dag.py:2935} INFO - Setting next_dagrun for upload_to_gcs_dag to 2022-03-08T00:00:00+00:00
[2022-03-09 14:41:29,851] {processor.py:171} INFO - Processing /opt/airflow/dags/upload_to_gcs_dag.py took 0.838 seconds
[2022-03-09 14:42:00,019] {processor.py:163} INFO - Started process (PID=359) to work on /opt/airflow/dags/upload_to_gcs_dag.py
[2022-03-09 14:42:00,021] {processor.py:642} INFO - Processing file /opt/airflow/dags/upload_to_gcs_dag.py for tasks to queue
[2022-03-09 14:42:00,022] {logging_mixin.py:109} INFO - [2022-03-09 14:42:00,022] {dagbag.py:500} INFO - Filling up the DagBag from /opt/airflow/dags/upload_to_gcs_dag.py
[2022-03-09 14:42:00,806] {processor.py:654} INFO - DAG(s) dict_keys(['upload_to_gcs_dag']) retrieved from /opt/airflow/dags/upload_to_gcs_dag.py
[2022-03-09 14:42:00,818] {logging_mixin.py:109} INFO - [2022-03-09 14:42:00,818] {dag.py:2396} INFO - Sync 1 DAGs
[2022-03-09 14:42:00,833] {logging_mixin.py:109} INFO - [2022-03-09 14:42:00,833] {dag.py:2935} INFO - Setting next_dagrun for upload_to_gcs_dag to 2022-03-08T00:00:00+00:00
[2022-03-09 14:42:00,900] {processor.py:171} INFO - Processing /opt/airflow/dags/upload_to_gcs_dag.py took 0.888 seconds
[2022-03-09 14:42:31,063] {processor.py:163} INFO - Started process (PID=394) to work on /opt/airflow/dags/upload_to_gcs_dag.py
[2022-03-09 14:42:31,066] {processor.py:642} INFO - Processing file /opt/airflow/dags/upload_to_gcs_dag.py for tasks to queue
[2022-03-09 14:42:31,067] {logging_mixin.py:109} INFO - [2022-03-09 14:42:31,067] {dagbag.py:500} INFO - Filling up the DagBag from /opt/airflow/dags/upload_to_gcs_dag.py
[2022-03-09 14:42:31,856] {processor.py:654} INFO - DAG(s) dict_keys(['upload_to_gcs_dag']) retrieved from /opt/airflow/dags/upload_to_gcs_dag.py
[2022-03-09 14:42:31,865] {logging_mixin.py:109} INFO - [2022-03-09 14:42:31,865] {dag.py:2396} INFO - Sync 1 DAGs
[2022-03-09 14:42:31,880] {logging_mixin.py:109} INFO - [2022-03-09 14:42:31,880] {dag.py:2935} INFO - Setting next_dagrun for upload_to_gcs_dag to 2022-03-08T00:00:00+00:00
[2022-03-09 14:42:31,926] {processor.py:171} INFO - Processing /opt/airflow/dags/upload_to_gcs_dag.py took 0.871 seconds
[2022-03-09 14:43:02,189] {processor.py:163} INFO - Started process (PID=419) to work on /opt/airflow/dags/upload_to_gcs_dag.py
[2022-03-09 14:43:02,191] {processor.py:642} INFO - Processing file /opt/airflow/dags/upload_to_gcs_dag.py for tasks to queue
[2022-03-09 14:43:02,193] {logging_mixin.py:109} INFO - [2022-03-09 14:43:02,193] {dagbag.py:500} INFO - Filling up the DagBag from /opt/airflow/dags/upload_to_gcs_dag.py
[2022-03-09 14:43:02,977] {processor.py:654} INFO - DAG(s) dict_keys(['upload_to_gcs_dag']) retrieved from /opt/airflow/dags/upload_to_gcs_dag.py
[2022-03-09 14:43:02,991] {logging_mixin.py:109} INFO - [2022-03-09 14:43:02,990] {dag.py:2396} INFO - Sync 1 DAGs
[2022-03-09 14:43:03,011] {logging_mixin.py:109} INFO - [2022-03-09 14:43:03,010] {dag.py:2935} INFO - Setting next_dagrun for upload_to_gcs_dag to 2022-03-08T00:00:00+00:00
[2022-03-09 14:43:03,184] {processor.py:171} INFO - Processing /opt/airflow/dags/upload_to_gcs_dag.py took 0.998 seconds
[2022-03-09 14:43:33,352] {processor.py:163} INFO - Started process (PID=454) to work on /opt/airflow/dags/upload_to_gcs_dag.py
[2022-03-09 14:43:33,355] {processor.py:642} INFO - Processing file /opt/airflow/dags/upload_to_gcs_dag.py for tasks to queue
[2022-03-09 14:43:33,356] {logging_mixin.py:109} INFO - [2022-03-09 14:43:33,356] {dagbag.py:500} INFO - Filling up the DagBag from /opt/airflow/dags/upload_to_gcs_dag.py
[2022-03-09 14:43:34,426] {processor.py:654} INFO - DAG(s) dict_keys(['upload_to_gcs_dag']) retrieved from /opt/airflow/dags/upload_to_gcs_dag.py
[2022-03-09 14:43:34,438] {logging_mixin.py:109} INFO - [2022-03-09 14:43:34,437] {dag.py:2396} INFO - Sync 1 DAGs
[2022-03-09 14:43:34,455] {logging_mixin.py:109} INFO - [2022-03-09 14:43:34,454] {dag.py:2935} INFO - Setting next_dagrun for upload_to_gcs_dag to 2022-03-08T00:00:00+00:00
[2022-03-09 14:43:34,506] {processor.py:171} INFO - Processing /opt/airflow/dags/upload_to_gcs_dag.py took 1.158 seconds
[2022-03-09 14:44:04,610] {processor.py:163} INFO - Started process (PID=480) to work on /opt/airflow/dags/upload_to_gcs_dag.py
[2022-03-09 14:44:04,612] {processor.py:642} INFO - Processing file /opt/airflow/dags/upload_to_gcs_dag.py for tasks to queue
[2022-03-09 14:44:04,613] {logging_mixin.py:109} INFO - [2022-03-09 14:44:04,613] {dagbag.py:500} INFO - Filling up the DagBag from /opt/airflow/dags/upload_to_gcs_dag.py
[2022-03-09 14:44:05,368] {processor.py:654} INFO - DAG(s) dict_keys(['upload_to_gcs_dag']) retrieved from /opt/airflow/dags/upload_to_gcs_dag.py
[2022-03-09 14:44:05,378] {logging_mixin.py:109} INFO - [2022-03-09 14:44:05,377] {dag.py:2396} INFO - Sync 1 DAGs
[2022-03-09 14:44:05,392] {logging_mixin.py:109} INFO - [2022-03-09 14:44:05,392] {dag.py:2935} INFO - Setting next_dagrun for upload_to_gcs_dag to 2022-03-08T00:00:00+00:00
[2022-03-09 14:44:05,438] {processor.py:171} INFO - Processing /opt/airflow/dags/upload_to_gcs_dag.py took 0.832 seconds
[2022-03-09 14:44:35,598] {processor.py:163} INFO - Started process (PID=505) to work on /opt/airflow/dags/upload_to_gcs_dag.py
[2022-03-09 14:44:35,599] {processor.py:642} INFO - Processing file /opt/airflow/dags/upload_to_gcs_dag.py for tasks to queue
[2022-03-09 14:44:35,600] {logging_mixin.py:109} INFO - [2022-03-09 14:44:35,600] {dagbag.py:500} INFO - Filling up the DagBag from /opt/airflow/dags/upload_to_gcs_dag.py
[2022-03-09 14:44:36,345] {processor.py:654} INFO - DAG(s) dict_keys(['upload_to_gcs_dag']) retrieved from /opt/airflow/dags/upload_to_gcs_dag.py
[2022-03-09 14:44:36,354] {logging_mixin.py:109} INFO - [2022-03-09 14:44:36,353] {dag.py:2396} INFO - Sync 1 DAGs
[2022-03-09 14:44:36,370] {logging_mixin.py:109} INFO - [2022-03-09 14:44:36,370] {dag.py:2935} INFO - Setting next_dagrun for upload_to_gcs_dag to 2022-03-08T00:00:00+00:00
[2022-03-09 14:44:36,412] {processor.py:171} INFO - Processing /opt/airflow/dags/upload_to_gcs_dag.py took 0.818 seconds
[2022-03-09 14:45:06,551] {processor.py:163} INFO - Started process (PID=540) to work on /opt/airflow/dags/upload_to_gcs_dag.py
[2022-03-09 14:45:06,553] {processor.py:642} INFO - Processing file /opt/airflow/dags/upload_to_gcs_dag.py for tasks to queue
[2022-03-09 14:45:06,554] {logging_mixin.py:109} INFO - [2022-03-09 14:45:06,554] {dagbag.py:500} INFO - Filling up the DagBag from /opt/airflow/dags/upload_to_gcs_dag.py
[2022-03-09 14:45:07,333] {processor.py:654} INFO - DAG(s) dict_keys(['upload_to_gcs_dag']) retrieved from /opt/airflow/dags/upload_to_gcs_dag.py
[2022-03-09 14:45:07,342] {logging_mixin.py:109} INFO - [2022-03-09 14:45:07,342] {dag.py:2396} INFO - Sync 1 DAGs
[2022-03-09 14:45:07,358] {logging_mixin.py:109} INFO - [2022-03-09 14:45:07,357] {dag.py:2935} INFO - Setting next_dagrun for upload_to_gcs_dag to 2022-03-08T00:00:00+00:00
[2022-03-09 14:45:07,411] {processor.py:171} INFO - Processing /opt/airflow/dags/upload_to_gcs_dag.py took 0.865 seconds
[2022-03-09 14:45:37,563] {processor.py:163} INFO - Started process (PID=564) to work on /opt/airflow/dags/upload_to_gcs_dag.py
[2022-03-09 14:45:37,565] {processor.py:642} INFO - Processing file /opt/airflow/dags/upload_to_gcs_dag.py for tasks to queue
[2022-03-09 14:45:37,566] {logging_mixin.py:109} INFO - [2022-03-09 14:45:37,566] {dagbag.py:500} INFO - Filling up the DagBag from /opt/airflow/dags/upload_to_gcs_dag.py
[2022-03-09 14:45:38,335] {processor.py:654} INFO - DAG(s) dict_keys(['upload_to_gcs_dag']) retrieved from /opt/airflow/dags/upload_to_gcs_dag.py
[2022-03-09 14:45:38,345] {logging_mixin.py:109} INFO - [2022-03-09 14:45:38,344] {dag.py:2396} INFO - Sync 1 DAGs
[2022-03-09 14:45:38,362] {logging_mixin.py:109} INFO - [2022-03-09 14:45:38,361] {dag.py:2935} INFO - Setting next_dagrun for upload_to_gcs_dag to 2022-03-08T00:00:00+00:00
[2022-03-09 14:45:38,518] {processor.py:171} INFO - Processing /opt/airflow/dags/upload_to_gcs_dag.py took 0.959 seconds
[2022-03-09 14:57:11,720] {processor.py:163} INFO - Started process (PID=40) to work on /opt/airflow/dags/upload_to_gcs_dag.py
[2022-03-09 14:57:11,722] {processor.py:642} INFO - Processing file /opt/airflow/dags/upload_to_gcs_dag.py for tasks to queue
[2022-03-09 14:57:11,723] {logging_mixin.py:109} INFO - [2022-03-09 14:57:11,723] {dagbag.py:500} INFO - Filling up the DagBag from /opt/airflow/dags/upload_to_gcs_dag.py
[2022-03-09 14:57:14,726] {processor.py:654} INFO - DAG(s) dict_keys(['upload_to_gcs_dag']) retrieved from /opt/airflow/dags/upload_to_gcs_dag.py
[2022-03-09 14:57:20,864] {logging_mixin.py:109} INFO - [2022-03-09 14:57:20,864] {manager.py:496} INFO - Created Permission View: can edit on DAG:upload_to_gcs_dag
[2022-03-09 14:57:21,028] {logging_mixin.py:109} INFO - [2022-03-09 14:57:21,028] {manager.py:496} INFO - Created Permission View: can read on DAG:upload_to_gcs_dag
[2022-03-09 14:57:21,029] {logging_mixin.py:109} INFO - [2022-03-09 14:57:21,028] {dag.py:2396} INFO - Sync 1 DAGs
[2022-03-09 14:57:21,054] {logging_mixin.py:109} INFO - [2022-03-09 14:57:21,054] {dag.py:2415} INFO - Creating ORM DAG for upload_to_gcs_dag
[2022-03-09 14:57:21,088] {logging_mixin.py:109} INFO - [2022-03-09 14:57:21,088] {dag.py:2935} INFO - Setting next_dagrun for upload_to_gcs_dag to 2022-03-08T00:00:00+00:00
[2022-03-09 14:57:21,319] {processor.py:171} INFO - Processing /opt/airflow/dags/upload_to_gcs_dag.py took 9.603 seconds
[2022-03-09 14:57:51,489] {processor.py:163} INFO - Started process (PID=73) to work on /opt/airflow/dags/upload_to_gcs_dag.py
[2022-03-09 14:57:51,491] {processor.py:642} INFO - Processing file /opt/airflow/dags/upload_to_gcs_dag.py for tasks to queue
[2022-03-09 14:57:51,492] {logging_mixin.py:109} INFO - [2022-03-09 14:57:51,492] {dagbag.py:500} INFO - Filling up the DagBag from /opt/airflow/dags/upload_to_gcs_dag.py
[2022-03-09 14:57:52,278] {processor.py:654} INFO - DAG(s) dict_keys(['upload_to_gcs_dag']) retrieved from /opt/airflow/dags/upload_to_gcs_dag.py
[2022-03-09 14:57:52,289] {logging_mixin.py:109} INFO - [2022-03-09 14:57:52,288] {dag.py:2396} INFO - Sync 1 DAGs
[2022-03-09 14:57:52,302] {logging_mixin.py:109} INFO - [2022-03-09 14:57:52,302] {dag.py:2935} INFO - Setting next_dagrun for upload_to_gcs_dag to 2022-03-08T00:00:00+00:00
[2022-03-09 14:57:52,354] {processor.py:171} INFO - Processing /opt/airflow/dags/upload_to_gcs_dag.py took 0.871 seconds
[2022-03-09 14:58:22,534] {processor.py:163} INFO - Started process (PID=98) to work on /opt/airflow/dags/upload_to_gcs_dag.py
[2022-03-09 14:58:22,537] {processor.py:642} INFO - Processing file /opt/airflow/dags/upload_to_gcs_dag.py for tasks to queue
[2022-03-09 14:58:22,539] {logging_mixin.py:109} INFO - [2022-03-09 14:58:22,539] {dagbag.py:500} INFO - Filling up the DagBag from /opt/airflow/dags/upload_to_gcs_dag.py
[2022-03-09 14:58:23,263] {processor.py:654} INFO - DAG(s) dict_keys(['upload_to_gcs_dag']) retrieved from /opt/airflow/dags/upload_to_gcs_dag.py
[2022-03-09 14:58:23,272] {logging_mixin.py:109} INFO - [2022-03-09 14:58:23,272] {dag.py:2396} INFO - Sync 1 DAGs
[2022-03-09 14:58:23,289] {logging_mixin.py:109} INFO - [2022-03-09 14:58:23,289] {dag.py:2935} INFO - Setting next_dagrun for upload_to_gcs_dag to 2022-03-08T00:00:00+00:00
[2022-03-09 14:58:23,338] {processor.py:171} INFO - Processing /opt/airflow/dags/upload_to_gcs_dag.py took 0.812 seconds
[2022-03-09 15:04:32,593] {processor.py:163} INFO - Started process (PID=51) to work on /opt/airflow/dags/upload_to_gcs_dag.py
[2022-03-09 15:04:32,596] {processor.py:642} INFO - Processing file /opt/airflow/dags/upload_to_gcs_dag.py for tasks to queue
[2022-03-09 15:04:32,597] {logging_mixin.py:109} INFO - [2022-03-09 15:04:32,597] {dagbag.py:500} INFO - Filling up the DagBag from /opt/airflow/dags/upload_to_gcs_dag.py
[2022-03-09 15:04:36,779] {processor.py:654} INFO - DAG(s) dict_keys(['upload_to_gcs_dag']) retrieved from /opt/airflow/dags/upload_to_gcs_dag.py
[2022-03-09 15:04:44,153] {logging_mixin.py:109} INFO - [2022-03-09 15:04:44,148] {manager.py:496} INFO - Created Permission View: can edit on DAG:upload_to_gcs_dag
[2022-03-09 15:04:44,241] {logging_mixin.py:109} INFO - [2022-03-09 15:04:44,240] {manager.py:496} INFO - Created Permission View: can read on DAG:upload_to_gcs_dag
[2022-03-09 15:04:44,246] {logging_mixin.py:109} INFO - [2022-03-09 15:04:44,241] {dag.py:2396} INFO - Sync 1 DAGs
[2022-03-09 15:04:44,267] {logging_mixin.py:109} INFO - [2022-03-09 15:04:44,266] {dag.py:2415} INFO - Creating ORM DAG for upload_to_gcs_dag
[2022-03-09 15:04:44,313] {logging_mixin.py:109} INFO - [2022-03-09 15:04:44,313] {dag.py:2935} INFO - Setting next_dagrun for upload_to_gcs_dag to 2022-03-08T00:00:00+00:00
[2022-03-09 15:04:44,479] {processor.py:171} INFO - Processing /opt/airflow/dags/upload_to_gcs_dag.py took 11.890 seconds
[2022-03-09 15:05:14,964] {processor.py:163} INFO - Started process (PID=85) to work on /opt/airflow/dags/upload_to_gcs_dag.py
[2022-03-09 15:05:14,965] {processor.py:642} INFO - Processing file /opt/airflow/dags/upload_to_gcs_dag.py for tasks to queue
[2022-03-09 15:05:14,967] {logging_mixin.py:109} INFO - [2022-03-09 15:05:14,967] {dagbag.py:500} INFO - Filling up the DagBag from /opt/airflow/dags/upload_to_gcs_dag.py
[2022-03-09 15:05:15,825] {processor.py:654} INFO - DAG(s) dict_keys(['upload_to_gcs_dag']) retrieved from /opt/airflow/dags/upload_to_gcs_dag.py
[2022-03-09 15:05:15,838] {logging_mixin.py:109} INFO - [2022-03-09 15:05:15,837] {dag.py:2396} INFO - Sync 1 DAGs
[2022-03-09 15:05:15,852] {logging_mixin.py:109} INFO - [2022-03-09 15:05:15,852] {dag.py:2935} INFO - Setting next_dagrun for upload_to_gcs_dag to 2022-03-08T00:00:00+00:00
[2022-03-09 15:05:15,924] {processor.py:171} INFO - Processing /opt/airflow/dags/upload_to_gcs_dag.py took 0.965 seconds
[2022-03-09 15:05:46,054] {processor.py:163} INFO - Started process (PID=109) to work on /opt/airflow/dags/upload_to_gcs_dag.py
[2022-03-09 15:05:46,056] {processor.py:642} INFO - Processing file /opt/airflow/dags/upload_to_gcs_dag.py for tasks to queue
[2022-03-09 15:05:46,057] {logging_mixin.py:109} INFO - [2022-03-09 15:05:46,057] {dagbag.py:500} INFO - Filling up the DagBag from /opt/airflow/dags/upload_to_gcs_dag.py
[2022-03-09 15:05:46,979] {processor.py:654} INFO - DAG(s) dict_keys(['upload_to_gcs_dag']) retrieved from /opt/airflow/dags/upload_to_gcs_dag.py
[2022-03-09 15:05:46,994] {logging_mixin.py:109} INFO - [2022-03-09 15:05:46,994] {dag.py:2396} INFO - Sync 1 DAGs
[2022-03-09 15:05:47,013] {logging_mixin.py:109} INFO - [2022-03-09 15:05:47,012] {dag.py:2935} INFO - Setting next_dagrun for upload_to_gcs_dag to 2022-03-08T00:00:00+00:00
[2022-03-09 15:05:47,082] {processor.py:171} INFO - Processing /opt/airflow/dags/upload_to_gcs_dag.py took 1.032 seconds
[2022-03-09 15:06:17,209] {processor.py:163} INFO - Started process (PID=134) to work on /opt/airflow/dags/upload_to_gcs_dag.py
[2022-03-09 15:06:17,210] {processor.py:642} INFO - Processing file /opt/airflow/dags/upload_to_gcs_dag.py for tasks to queue
[2022-03-09 15:06:17,211] {logging_mixin.py:109} INFO - [2022-03-09 15:06:17,211] {dagbag.py:500} INFO - Filling up the DagBag from /opt/airflow/dags/upload_to_gcs_dag.py
[2022-03-09 15:06:17,986] {processor.py:654} INFO - DAG(s) dict_keys(['upload_to_gcs_dag']) retrieved from /opt/airflow/dags/upload_to_gcs_dag.py
[2022-03-09 15:06:17,996] {logging_mixin.py:109} INFO - [2022-03-09 15:06:17,995] {dag.py:2396} INFO - Sync 1 DAGs
[2022-03-09 15:06:18,012] {logging_mixin.py:109} INFO - [2022-03-09 15:06:18,012] {dag.py:2935} INFO - Setting next_dagrun for upload_to_gcs_dag to 2022-03-08T00:00:00+00:00
[2022-03-09 15:06:18,056] {processor.py:171} INFO - Processing /opt/airflow/dags/upload_to_gcs_dag.py took 0.850 seconds
[2022-03-09 15:06:48,198] {processor.py:163} INFO - Started process (PID=168) to work on /opt/airflow/dags/upload_to_gcs_dag.py
[2022-03-09 15:06:48,200] {processor.py:642} INFO - Processing file /opt/airflow/dags/upload_to_gcs_dag.py for tasks to queue
[2022-03-09 15:06:48,202] {logging_mixin.py:109} INFO - [2022-03-09 15:06:48,201] {dagbag.py:500} INFO - Filling up the DagBag from /opt/airflow/dags/upload_to_gcs_dag.py
[2022-03-09 15:06:48,999] {processor.py:654} INFO - DAG(s) dict_keys(['upload_to_gcs_dag']) retrieved from /opt/airflow/dags/upload_to_gcs_dag.py
[2022-03-09 15:06:49,008] {logging_mixin.py:109} INFO - [2022-03-09 15:06:49,008] {dag.py:2396} INFO - Sync 1 DAGs
[2022-03-09 15:06:49,025] {logging_mixin.py:109} INFO - [2022-03-09 15:06:49,024] {dag.py:2935} INFO - Setting next_dagrun for upload_to_gcs_dag to 2022-03-08T00:00:00+00:00
[2022-03-09 15:06:49,071] {processor.py:171} INFO - Processing /opt/airflow/dags/upload_to_gcs_dag.py took 0.877 seconds
[2022-03-09 15:07:19,344] {processor.py:163} INFO - Started process (PID=193) to work on /opt/airflow/dags/upload_to_gcs_dag.py
[2022-03-09 15:07:19,347] {processor.py:642} INFO - Processing file /opt/airflow/dags/upload_to_gcs_dag.py for tasks to queue
[2022-03-09 15:07:19,348] {logging_mixin.py:109} INFO - [2022-03-09 15:07:19,348] {dagbag.py:500} INFO - Filling up the DagBag from /opt/airflow/dags/upload_to_gcs_dag.py
[2022-03-09 15:07:20,683] {processor.py:654} INFO - DAG(s) dict_keys(['upload_to_gcs_dag']) retrieved from /opt/airflow/dags/upload_to_gcs_dag.py
[2022-03-09 15:07:20,699] {logging_mixin.py:109} INFO - [2022-03-09 15:07:20,699] {dag.py:2396} INFO - Sync 1 DAGs
[2022-03-09 15:07:20,736] {logging_mixin.py:109} INFO - [2022-03-09 15:07:20,735] {dag.py:2935} INFO - Setting next_dagrun for upload_to_gcs_dag to 2022-03-08T00:00:00+00:00
[2022-03-09 15:07:21,045] {processor.py:171} INFO - Processing /opt/airflow/dags/upload_to_gcs_dag.py took 1.705 seconds
[2022-03-09 15:07:51,261] {processor.py:163} INFO - Started process (PID=218) to work on /opt/airflow/dags/upload_to_gcs_dag.py
[2022-03-09 15:07:51,263] {processor.py:642} INFO - Processing file /opt/airflow/dags/upload_to_gcs_dag.py for tasks to queue
[2022-03-09 15:07:51,264] {logging_mixin.py:109} INFO - [2022-03-09 15:07:51,264] {dagbag.py:500} INFO - Filling up the DagBag from /opt/airflow/dags/upload_to_gcs_dag.py
[2022-03-09 15:07:52,146] {processor.py:654} INFO - DAG(s) dict_keys(['upload_to_gcs_dag']) retrieved from /opt/airflow/dags/upload_to_gcs_dag.py
[2022-03-09 15:07:52,157] {logging_mixin.py:109} INFO - [2022-03-09 15:07:52,157] {dag.py:2396} INFO - Sync 1 DAGs
[2022-03-09 15:07:52,174] {logging_mixin.py:109} INFO - [2022-03-09 15:07:52,174] {dag.py:2935} INFO - Setting next_dagrun for upload_to_gcs_dag to 2022-03-08T00:00:00+00:00
[2022-03-09 15:07:52,258] {processor.py:171} INFO - Processing /opt/airflow/dags/upload_to_gcs_dag.py took 1.002 seconds
[2022-03-09 15:08:22,437] {processor.py:163} INFO - Started process (PID=242) to work on /opt/airflow/dags/upload_to_gcs_dag.py
[2022-03-09 15:08:22,439] {processor.py:642} INFO - Processing file /opt/airflow/dags/upload_to_gcs_dag.py for tasks to queue
[2022-03-09 15:08:22,440] {logging_mixin.py:109} INFO - [2022-03-09 15:08:22,439] {dagbag.py:500} INFO - Filling up the DagBag from /opt/airflow/dags/upload_to_gcs_dag.py
[2022-03-09 15:08:23,180] {processor.py:654} INFO - DAG(s) dict_keys(['upload_to_gcs_dag']) retrieved from /opt/airflow/dags/upload_to_gcs_dag.py
[2022-03-09 15:08:23,192] {logging_mixin.py:109} INFO - [2022-03-09 15:08:23,192] {dag.py:2396} INFO - Sync 1 DAGs
[2022-03-09 15:08:23,210] {logging_mixin.py:109} INFO - [2022-03-09 15:08:23,210] {dag.py:2935} INFO - Setting next_dagrun for upload_to_gcs_dag to 2022-03-08T00:00:00+00:00
[2022-03-09 15:08:23,251] {processor.py:171} INFO - Processing /opt/airflow/dags/upload_to_gcs_dag.py took 0.819 seconds
[2022-03-09 15:08:53,431] {processor.py:163} INFO - Started process (PID=277) to work on /opt/airflow/dags/upload_to_gcs_dag.py
[2022-03-09 15:08:53,434] {processor.py:642} INFO - Processing file /opt/airflow/dags/upload_to_gcs_dag.py for tasks to queue
[2022-03-09 15:08:53,436] {logging_mixin.py:109} INFO - [2022-03-09 15:08:53,436] {dagbag.py:500} INFO - Filling up the DagBag from /opt/airflow/dags/upload_to_gcs_dag.py
[2022-03-09 15:08:54,328] {processor.py:654} INFO - DAG(s) dict_keys(['upload_to_gcs_dag']) retrieved from /opt/airflow/dags/upload_to_gcs_dag.py
[2022-03-09 15:08:54,337] {logging_mixin.py:109} INFO - [2022-03-09 15:08:54,337] {dag.py:2396} INFO - Sync 1 DAGs
[2022-03-09 15:08:54,355] {logging_mixin.py:109} INFO - [2022-03-09 15:08:54,355] {dag.py:2935} INFO - Setting next_dagrun for upload_to_gcs_dag to 2022-03-08T00:00:00+00:00
[2022-03-09 15:08:54,400] {processor.py:171} INFO - Processing /opt/airflow/dags/upload_to_gcs_dag.py took 0.977 seconds
[2022-03-09 15:09:24,586] {processor.py:163} INFO - Started process (PID=307) to work on /opt/airflow/dags/upload_to_gcs_dag.py
[2022-03-09 15:09:24,588] {processor.py:642} INFO - Processing file /opt/airflow/dags/upload_to_gcs_dag.py for tasks to queue
[2022-03-09 15:09:24,589] {logging_mixin.py:109} INFO - [2022-03-09 15:09:24,589] {dagbag.py:500} INFO - Filling up the DagBag from /opt/airflow/dags/upload_to_gcs_dag.py
[2022-03-09 15:09:25,421] {processor.py:654} INFO - DAG(s) dict_keys(['upload_to_gcs_dag']) retrieved from /opt/airflow/dags/upload_to_gcs_dag.py
[2022-03-09 15:09:25,435] {logging_mixin.py:109} INFO - [2022-03-09 15:09:25,434] {dag.py:2396} INFO - Sync 1 DAGs
[2022-03-09 15:09:25,457] {logging_mixin.py:109} INFO - [2022-03-09 15:09:25,457] {dag.py:2935} INFO - Setting next_dagrun for upload_to_gcs_dag to 2022-03-08T00:00:00+00:00
[2022-03-09 15:09:25,508] {processor.py:171} INFO - Processing /opt/airflow/dags/upload_to_gcs_dag.py took 0.926 seconds
[2022-03-09 15:09:55,758] {processor.py:163} INFO - Started process (PID=332) to work on /opt/airflow/dags/upload_to_gcs_dag.py
[2022-03-09 15:09:55,760] {processor.py:642} INFO - Processing file /opt/airflow/dags/upload_to_gcs_dag.py for tasks to queue
[2022-03-09 15:09:55,762] {logging_mixin.py:109} INFO - [2022-03-09 15:09:55,762] {dagbag.py:500} INFO - Filling up the DagBag from /opt/airflow/dags/upload_to_gcs_dag.py
[2022-03-09 15:09:56,602] {processor.py:654} INFO - DAG(s) dict_keys(['upload_to_gcs_dag']) retrieved from /opt/airflow/dags/upload_to_gcs_dag.py
[2022-03-09 15:09:56,614] {logging_mixin.py:109} INFO - [2022-03-09 15:09:56,613] {dag.py:2396} INFO - Sync 1 DAGs
[2022-03-09 15:09:56,641] {logging_mixin.py:109} INFO - [2022-03-09 15:09:56,641] {dag.py:2935} INFO - Setting next_dagrun for upload_to_gcs_dag to 2022-03-08T00:00:00+00:00
[2022-03-09 15:09:56,817] {processor.py:171} INFO - Processing /opt/airflow/dags/upload_to_gcs_dag.py took 1.062 seconds
