[2022-03-19 14:22:17,522] {processor.py:163} INFO - Started process (PID=137) to work on /opt/airflow/dags/upload_to_gcs_dag.py
[2022-03-19 14:22:17,523] {processor.py:642} INFO - Processing file /opt/airflow/dags/upload_to_gcs_dag.py for tasks to queue
[2022-03-19 14:22:17,524] {logging_mixin.py:109} INFO - [2022-03-19 14:22:17,524] {dagbag.py:500} INFO - Filling up the DagBag from /opt/airflow/dags/upload_to_gcs_dag.py
[2022-03-19 14:22:47,540] {logging_mixin.py:109} INFO - [2022-03-19 14:22:47,540] {timeout.py:36} ERROR - Process timed out, PID: 137
[2022-03-19 14:22:48,578] {logging_mixin.py:109} INFO - [2022-03-19 14:22:47,615] {dagbag.py:334} ERROR - Failed to import: /opt/airflow/dags/upload_to_gcs_dag.py
Traceback (most recent call last):
  File "/home/airflow/.local/lib/python3.7/site-packages/airflow/models/dagbag.py", line 331, in _load_modules_from_file
    loader.exec_module(new_module)
  File "<frozen importlib._bootstrap_external>", line 728, in exec_module
  File "<frozen importlib._bootstrap>", line 219, in _call_with_frames_removed
  File "/opt/airflow/dags/upload_to_gcs_dag.py", line 10, in <module>
    from airflow.providers.google.cloud.operators.bigquery import BigQueryCreateExternalTableOperator
  File "/home/airflow/.local/lib/python3.7/site-packages/airflow/providers/google/cloud/operators/bigquery.py", line 38, in <module>
    from airflow.providers.google.cloud.hooks.bigquery import BigQueryHook, BigQueryJob
  File "/home/airflow/.local/lib/python3.7/site-packages/airflow/providers/google/cloud/hooks/bigquery.py", line 33, in <module>
    from google.cloud.bigquery import (
  File "/home/airflow/.local/lib/python3.7/site-packages/google/cloud/bigquery/__init__.py", line 35, in <module>
    from google.cloud.bigquery.client import Client
  File "/home/airflow/.local/lib/python3.7/site-packages/google/cloud/bigquery/client.py", line 61, in <module>
    from google.cloud.bigquery_storage_v1.services.big_query_read.client import (
  File "/home/airflow/.local/lib/python3.7/site-packages/google/cloud/bigquery_storage_v1/__init__.py", line 25, in <module>
    from google.cloud.bigquery_storage_v1 import client
  File "/home/airflow/.local/lib/python3.7/site-packages/google/cloud/bigquery_storage_v1/client.py", line 26, in <module>
    from google.cloud.bigquery_storage_v1 import reader
  File "/home/airflow/.local/lib/python3.7/site-packages/google/cloud/bigquery_storage_v1/reader.py", line 28, in <module>
    import pandas
  File "/home/airflow/.local/lib/python3.7/site-packages/pandas/__init__.py", line 22, in <module>
    from pandas.compat import (
  File "/home/airflow/.local/lib/python3.7/site-packages/pandas/compat/__init__.py", line 23, in <module>
    from pandas.compat.pyarrow import (
  File "/home/airflow/.local/lib/python3.7/site-packages/pandas/compat/pyarrow.py", line 6, in <module>
    import pyarrow as pa
  File "/home/airflow/.local/lib/python3.7/site-packages/pyarrow/__init__.py", line 63, in <module>
    import pyarrow.lib as _lib
  File "stringsource", line 10, in init pyarrow.lib
  File "<frozen importlib._bootstrap>", line 416, in parent
  File "/home/airflow/.local/lib/python3.7/site-packages/airflow/utils/timeout.py", line 37, in handle_timeout
    raise AirflowTaskTimeout(self.error_message)
airflow.exceptions.AirflowTaskTimeout: DagBag import timeout for /opt/airflow/dags/upload_to_gcs_dag.py after 30.0s.
Please take a look at these docs to improve your DAG import time:
* https://airflow.apache.org/docs/apache-airflow/2.2.3/best-practices.html#top-level-python-code
* https://airflow.apache.org/docs/apache-airflow/2.2.3/best-practices.html#reducing-dag-complexity, PID: 137
[2022-03-19 14:22:48,606] {processor.py:690} INFO - Deactivated 1 DAGs which are no longer present in /opt/airflow/dags/upload_to_gcs_dag.py
[2022-03-19 14:22:48,607] {processor.py:656} WARNING - No viable dags retrieved from /opt/airflow/dags/upload_to_gcs_dag.py
[2022-03-19 14:22:48,806] {processor.py:171} INFO - Processing /opt/airflow/dags/upload_to_gcs_dag.py took 31.288 seconds
[2022-03-19 14:23:18,924] {processor.py:163} INFO - Started process (PID=183) to work on /opt/airflow/dags/upload_to_gcs_dag.py
[2022-03-19 14:23:18,926] {processor.py:642} INFO - Processing file /opt/airflow/dags/upload_to_gcs_dag.py for tasks to queue
[2022-03-19 14:23:18,927] {logging_mixin.py:109} INFO - [2022-03-19 14:23:18,927] {dagbag.py:500} INFO - Filling up the DagBag from /opt/airflow/dags/upload_to_gcs_dag.py
[2022-03-19 14:23:21,464] {processor.py:654} INFO - DAG(s) dict_keys(['upload_to_gcs_dag']) retrieved from /opt/airflow/dags/upload_to_gcs_dag.py
[2022-03-19 14:23:25,898] {logging_mixin.py:109} INFO - [2022-03-19 14:23:25,898] {dag.py:2396} INFO - Sync 1 DAGs
[2022-03-19 14:23:26,872] {processor.py:171} INFO - Processing /opt/airflow/dags/upload_to_gcs_dag.py took 7.952 seconds
[2022-03-19 14:23:57,853] {processor.py:163} INFO - Started process (PID=218) to work on /opt/airflow/dags/upload_to_gcs_dag.py
[2022-03-19 14:23:57,873] {processor.py:642} INFO - Processing file /opt/airflow/dags/upload_to_gcs_dag.py for tasks to queue
[2022-03-19 14:23:57,876] {logging_mixin.py:109} INFO - [2022-03-19 14:23:57,876] {dagbag.py:500} INFO - Filling up the DagBag from /opt/airflow/dags/upload_to_gcs_dag.py
[2022-03-19 14:24:00,017] {processor.py:654} INFO - DAG(s) dict_keys(['upload_to_gcs_dag']) retrieved from /opt/airflow/dags/upload_to_gcs_dag.py
[2022-03-19 14:24:00,052] {logging_mixin.py:109} INFO - [2022-03-19 14:24:00,052] {dag.py:2396} INFO - Sync 1 DAGs
[2022-03-19 14:24:00,190] {processor.py:171} INFO - Processing /opt/airflow/dags/upload_to_gcs_dag.py took 2.340 seconds
[2022-03-19 14:24:30,395] {processor.py:163} INFO - Started process (PID=245) to work on /opt/airflow/dags/upload_to_gcs_dag.py
[2022-03-19 14:24:30,411] {processor.py:642} INFO - Processing file /opt/airflow/dags/upload_to_gcs_dag.py for tasks to queue
[2022-03-19 14:24:30,423] {logging_mixin.py:109} INFO - [2022-03-19 14:24:30,422] {dagbag.py:500} INFO - Filling up the DagBag from /opt/airflow/dags/upload_to_gcs_dag.py
[2022-03-19 14:24:32,690] {processor.py:654} INFO - DAG(s) dict_keys(['upload_to_gcs_dag']) retrieved from /opt/airflow/dags/upload_to_gcs_dag.py
[2022-03-19 14:24:32,728] {logging_mixin.py:109} INFO - [2022-03-19 14:24:32,726] {dag.py:2396} INFO - Sync 1 DAGs
[2022-03-19 14:24:33,718] {processor.py:171} INFO - Processing /opt/airflow/dags/upload_to_gcs_dag.py took 3.327 seconds
[2022-03-19 14:25:04,085] {processor.py:163} INFO - Started process (PID=259) to work on /opt/airflow/dags/upload_to_gcs_dag.py
[2022-03-19 14:25:04,701] {processor.py:642} INFO - Processing file /opt/airflow/dags/upload_to_gcs_dag.py for tasks to queue
[2022-03-19 14:25:04,703] {logging_mixin.py:109} INFO - [2022-03-19 14:25:04,703] {dagbag.py:500} INFO - Filling up the DagBag from /opt/airflow/dags/upload_to_gcs_dag.py
[2022-03-19 14:25:05,909] {processor.py:654} INFO - DAG(s) dict_keys(['upload_to_gcs_dag']) retrieved from /opt/airflow/dags/upload_to_gcs_dag.py
[2022-03-19 14:25:05,919] {logging_mixin.py:109} INFO - [2022-03-19 14:25:05,918] {dag.py:2396} INFO - Sync 1 DAGs
[2022-03-19 14:25:07,796] {processor.py:171} INFO - Processing /opt/airflow/dags/upload_to_gcs_dag.py took 3.715 seconds
[2022-03-19 14:25:38,125] {processor.py:163} INFO - Started process (PID=273) to work on /opt/airflow/dags/upload_to_gcs_dag.py
[2022-03-19 14:25:38,127] {processor.py:642} INFO - Processing file /opt/airflow/dags/upload_to_gcs_dag.py for tasks to queue
[2022-03-19 14:25:38,128] {logging_mixin.py:109} INFO - [2022-03-19 14:25:38,128] {dagbag.py:500} INFO - Filling up the DagBag from /opt/airflow/dags/upload_to_gcs_dag.py
[2022-03-19 14:25:39,272] {processor.py:654} INFO - DAG(s) dict_keys(['upload_to_gcs_dag']) retrieved from /opt/airflow/dags/upload_to_gcs_dag.py
[2022-03-19 14:25:39,281] {logging_mixin.py:109} INFO - [2022-03-19 14:25:39,281] {dag.py:2396} INFO - Sync 1 DAGs
[2022-03-19 14:25:39,727] {processor.py:171} INFO - Processing /opt/airflow/dags/upload_to_gcs_dag.py took 1.606 seconds
[2022-03-19 14:26:09,959] {processor.py:163} INFO - Started process (PID=278) to work on /opt/airflow/dags/upload_to_gcs_dag.py
[2022-03-19 14:26:09,962] {processor.py:642} INFO - Processing file /opt/airflow/dags/upload_to_gcs_dag.py for tasks to queue
[2022-03-19 14:26:09,963] {logging_mixin.py:109} INFO - [2022-03-19 14:26:09,963] {dagbag.py:500} INFO - Filling up the DagBag from /opt/airflow/dags/upload_to_gcs_dag.py
[2022-03-19 14:26:10,680] {processor.py:654} INFO - DAG(s) dict_keys(['upload_to_gcs_dag']) retrieved from /opt/airflow/dags/upload_to_gcs_dag.py
[2022-03-19 14:26:10,688] {logging_mixin.py:109} INFO - [2022-03-19 14:26:10,688] {dag.py:2396} INFO - Sync 1 DAGs
[2022-03-19 14:26:11,174] {processor.py:171} INFO - Processing /opt/airflow/dags/upload_to_gcs_dag.py took 1.221 seconds
[2022-03-19 14:26:41,317] {processor.py:163} INFO - Started process (PID=301) to work on /opt/airflow/dags/upload_to_gcs_dag.py
[2022-03-19 14:26:41,327] {processor.py:642} INFO - Processing file /opt/airflow/dags/upload_to_gcs_dag.py for tasks to queue
[2022-03-19 14:26:41,328] {logging_mixin.py:109} INFO - [2022-03-19 14:26:41,328] {dagbag.py:500} INFO - Filling up the DagBag from /opt/airflow/dags/upload_to_gcs_dag.py
[2022-03-19 14:26:43,335] {processor.py:654} INFO - DAG(s) dict_keys(['upload_to_gcs_dag']) retrieved from /opt/airflow/dags/upload_to_gcs_dag.py
[2022-03-19 14:26:43,345] {logging_mixin.py:109} INFO - [2022-03-19 14:26:43,345] {dag.py:2396} INFO - Sync 1 DAGs
[2022-03-19 14:26:43,900] {processor.py:171} INFO - Processing /opt/airflow/dags/upload_to_gcs_dag.py took 2.588 seconds
[2022-03-19 14:27:14,275] {processor.py:163} INFO - Started process (PID=314) to work on /opt/airflow/dags/upload_to_gcs_dag.py
[2022-03-19 14:27:14,277] {processor.py:642} INFO - Processing file /opt/airflow/dags/upload_to_gcs_dag.py for tasks to queue
[2022-03-19 14:27:14,278] {logging_mixin.py:109} INFO - [2022-03-19 14:27:14,277] {dagbag.py:500} INFO - Filling up the DagBag from /opt/airflow/dags/upload_to_gcs_dag.py
[2022-03-19 14:27:15,439] {processor.py:654} INFO - DAG(s) dict_keys(['upload_to_gcs_dag']) retrieved from /opt/airflow/dags/upload_to_gcs_dag.py
[2022-03-19 14:27:15,447] {logging_mixin.py:109} INFO - [2022-03-19 14:27:15,447] {dag.py:2396} INFO - Sync 1 DAGs
[2022-03-19 14:27:19,181] {processor.py:171} INFO - Processing /opt/airflow/dags/upload_to_gcs_dag.py took 4.908 seconds
[2022-03-19 14:27:49,348] {processor.py:163} INFO - Started process (PID=341) to work on /opt/airflow/dags/upload_to_gcs_dag.py
[2022-03-19 14:27:49,349] {processor.py:642} INFO - Processing file /opt/airflow/dags/upload_to_gcs_dag.py for tasks to queue
[2022-03-19 14:27:49,350] {logging_mixin.py:109} INFO - [2022-03-19 14:27:49,350] {dagbag.py:500} INFO - Filling up the DagBag from /opt/airflow/dags/upload_to_gcs_dag.py
[2022-03-19 14:27:50,736] {processor.py:654} INFO - DAG(s) dict_keys(['upload_to_gcs_dag']) retrieved from /opt/airflow/dags/upload_to_gcs_dag.py
[2022-03-19 14:27:50,745] {logging_mixin.py:109} INFO - [2022-03-19 14:27:50,745] {dag.py:2396} INFO - Sync 1 DAGs
[2022-03-19 14:27:51,466] {processor.py:171} INFO - Processing /opt/airflow/dags/upload_to_gcs_dag.py took 2.122 seconds
[2022-03-19 14:28:21,838] {processor.py:163} INFO - Started process (PID=356) to work on /opt/airflow/dags/upload_to_gcs_dag.py
[2022-03-19 14:28:21,840] {processor.py:642} INFO - Processing file /opt/airflow/dags/upload_to_gcs_dag.py for tasks to queue
[2022-03-19 14:28:21,841] {logging_mixin.py:109} INFO - [2022-03-19 14:28:21,840] {dagbag.py:500} INFO - Filling up the DagBag from /opt/airflow/dags/upload_to_gcs_dag.py
[2022-03-19 14:28:22,902] {processor.py:654} INFO - DAG(s) dict_keys(['upload_to_gcs_dag']) retrieved from /opt/airflow/dags/upload_to_gcs_dag.py
[2022-03-19 14:28:22,913] {logging_mixin.py:109} INFO - [2022-03-19 14:28:22,913] {dag.py:2396} INFO - Sync 1 DAGs
[2022-03-19 14:28:23,396] {processor.py:171} INFO - Processing /opt/airflow/dags/upload_to_gcs_dag.py took 1.562 seconds
[2022-03-19 14:28:53,644] {processor.py:163} INFO - Started process (PID=361) to work on /opt/airflow/dags/upload_to_gcs_dag.py
[2022-03-19 14:28:53,645] {processor.py:642} INFO - Processing file /opt/airflow/dags/upload_to_gcs_dag.py for tasks to queue
[2022-03-19 14:28:53,647] {logging_mixin.py:109} INFO - [2022-03-19 14:28:53,647] {dagbag.py:500} INFO - Filling up the DagBag from /opt/airflow/dags/upload_to_gcs_dag.py
[2022-03-19 14:28:54,791] {processor.py:654} INFO - DAG(s) dict_keys(['upload_to_gcs_dag']) retrieved from /opt/airflow/dags/upload_to_gcs_dag.py
[2022-03-19 14:28:54,802] {logging_mixin.py:109} INFO - [2022-03-19 14:28:54,802] {dag.py:2396} INFO - Sync 1 DAGs
[2022-03-19 14:28:56,828] {processor.py:171} INFO - Processing /opt/airflow/dags/upload_to_gcs_dag.py took 3.187 seconds
[2022-03-19 14:29:27,379] {processor.py:163} INFO - Started process (PID=377) to work on /opt/airflow/dags/upload_to_gcs_dag.py
[2022-03-19 14:29:27,380] {processor.py:642} INFO - Processing file /opt/airflow/dags/upload_to_gcs_dag.py for tasks to queue
[2022-03-19 14:29:27,381] {logging_mixin.py:109} INFO - [2022-03-19 14:29:27,381] {dagbag.py:500} INFO - Filling up the DagBag from /opt/airflow/dags/upload_to_gcs_dag.py
[2022-03-19 14:29:28,097] {processor.py:654} INFO - DAG(s) dict_keys(['upload_to_gcs_dag']) retrieved from /opt/airflow/dags/upload_to_gcs_dag.py
[2022-03-19 14:29:28,106] {logging_mixin.py:109} INFO - [2022-03-19 14:29:28,106] {dag.py:2396} INFO - Sync 1 DAGs
[2022-03-19 14:29:30,416] {processor.py:171} INFO - Processing /opt/airflow/dags/upload_to_gcs_dag.py took 3.040 seconds
[2022-03-19 14:30:00,898] {processor.py:163} INFO - Started process (PID=393) to work on /opt/airflow/dags/upload_to_gcs_dag.py
[2022-03-19 14:30:00,900] {processor.py:642} INFO - Processing file /opt/airflow/dags/upload_to_gcs_dag.py for tasks to queue
[2022-03-19 14:30:00,900] {logging_mixin.py:109} INFO - [2022-03-19 14:30:00,900] {dagbag.py:500} INFO - Filling up the DagBag from /opt/airflow/dags/upload_to_gcs_dag.py
[2022-03-19 14:30:33,386] {logging_mixin.py:109} INFO - [2022-03-19 14:30:33,385] {timeout.py:36} ERROR - Process timed out, PID: 393
[2022-03-19 14:30:33,387] {logging_mixin.py:109} WARNING - Traceback (most recent call last):
[2022-03-19 14:30:33,388] {logging_mixin.py:109} WARNING -   File "<frozen importlib._bootstrap>", line 194, in _lock_unlock_module
[2022-03-19 14:30:48,612] {logging_mixin.py:109} WARNING -   File "/home/airflow/.local/lib/python3.7/site-packages/airflow/utils/timeout.py", line 37, in handle_timeout
[2022-03-19 14:30:48,612] {logging_mixin.py:109} WARNING -     raise AirflowTaskTimeout(self.error_message)
[2022-03-19 14:30:48,613] {logging_mixin.py:109} WARNING - airflow.exceptions.AirflowTaskTimeout: DagBag import timeout for /opt/airflow/dags/upload_to_gcs_dag.py after 30.0s.
Please take a look at these docs to improve your DAG import time:
* https://airflow.apache.org/docs/apache-airflow/2.2.3/best-practices.html#top-level-python-code
* https://airflow.apache.org/docs/apache-airflow/2.2.3/best-practices.html#reducing-dag-complexity, PID: 393
[2022-03-19 14:31:07,948] {processor.py:163} INFO - Started process (PID=399) to work on /opt/airflow/dags/upload_to_gcs_dag.py
[2022-03-19 14:31:07,950] {processor.py:642} INFO - Processing file /opt/airflow/dags/upload_to_gcs_dag.py for tasks to queue
[2022-03-19 14:31:07,951] {logging_mixin.py:109} INFO - [2022-03-19 14:31:07,951] {dagbag.py:500} INFO - Filling up the DagBag from /opt/airflow/dags/upload_to_gcs_dag.py
[2022-03-19 14:31:12,491] {processor.py:654} INFO - DAG(s) dict_keys(['upload_to_gcs_dag']) retrieved from /opt/airflow/dags/upload_to_gcs_dag.py
[2022-03-19 14:31:12,500] {logging_mixin.py:109} INFO - [2022-03-19 14:31:12,499] {dag.py:2396} INFO - Sync 1 DAGs
[2022-03-19 14:31:13,556] {processor.py:171} INFO - Processing /opt/airflow/dags/upload_to_gcs_dag.py took 5.611 seconds
[2022-03-19 14:31:44,206] {processor.py:163} INFO - Started process (PID=416) to work on /opt/airflow/dags/upload_to_gcs_dag.py
[2022-03-19 14:31:44,208] {processor.py:642} INFO - Processing file /opt/airflow/dags/upload_to_gcs_dag.py for tasks to queue
[2022-03-19 14:31:44,209] {logging_mixin.py:109} INFO - [2022-03-19 14:31:44,209] {dagbag.py:500} INFO - Filling up the DagBag from /opt/airflow/dags/upload_to_gcs_dag.py
[2022-03-19 14:31:55,854] {processor.py:654} INFO - DAG(s) dict_keys(['upload_to_gcs_dag']) retrieved from /opt/airflow/dags/upload_to_gcs_dag.py
[2022-03-19 14:31:55,863] {logging_mixin.py:109} INFO - [2022-03-19 14:31:55,862] {dag.py:2396} INFO - Sync 1 DAGs
[2022-03-19 14:31:57,310] {processor.py:171} INFO - Processing /opt/airflow/dags/upload_to_gcs_dag.py took 13.107 seconds
[2022-03-19 14:32:29,001] {processor.py:163} INFO - Started process (PID=432) to work on /opt/airflow/dags/upload_to_gcs_dag.py
[2022-03-19 14:32:29,004] {processor.py:642} INFO - Processing file /opt/airflow/dags/upload_to_gcs_dag.py for tasks to queue
[2022-03-19 14:32:29,006] {logging_mixin.py:109} INFO - [2022-03-19 14:32:29,005] {dagbag.py:500} INFO - Filling up the DagBag from /opt/airflow/dags/upload_to_gcs_dag.py
[2022-03-19 14:33:46,445] {processor.py:163} INFO - Started process (PID=456) to work on /opt/airflow/dags/upload_to_gcs_dag.py
[2022-03-19 14:33:46,447] {processor.py:642} INFO - Processing file /opt/airflow/dags/upload_to_gcs_dag.py for tasks to queue
[2022-03-19 14:33:46,448] {logging_mixin.py:109} INFO - [2022-03-19 14:33:46,448] {dagbag.py:500} INFO - Filling up the DagBag from /opt/airflow/dags/upload_to_gcs_dag.py
[2022-03-19 14:34:12,111] {processor.py:654} INFO - DAG(s) dict_keys(['upload_to_gcs_dag']) retrieved from /opt/airflow/dags/upload_to_gcs_dag.py
[2022-03-19 14:34:12,120] {logging_mixin.py:109} INFO - [2022-03-19 14:34:12,120] {dag.py:2396} INFO - Sync 1 DAGs
[2022-03-19 14:34:12,276] {logging_mixin.py:109} INFO - [2022-03-19 14:34:12,276] {dag.py:2935} INFO - Setting next_dagrun for upload_to_gcs_dag to 2022-03-19T00:00:00+00:00
[2022-03-19 14:34:12,701] {processor.py:171} INFO - Processing /opt/airflow/dags/upload_to_gcs_dag.py took 26.259 seconds
[2022-03-19 14:34:43,462] {processor.py:163} INFO - Started process (PID=483) to work on /opt/airflow/dags/upload_to_gcs_dag.py
[2022-03-19 14:34:43,465] {processor.py:642} INFO - Processing file /opt/airflow/dags/upload_to_gcs_dag.py for tasks to queue
[2022-03-19 14:34:43,467] {logging_mixin.py:109} INFO - [2022-03-19 14:34:43,467] {dagbag.py:500} INFO - Filling up the DagBag from /opt/airflow/dags/upload_to_gcs_dag.py
[2022-03-19 14:34:44,207] {processor.py:654} INFO - DAG(s) dict_keys(['upload_to_gcs_dag']) retrieved from /opt/airflow/dags/upload_to_gcs_dag.py
[2022-03-19 14:34:44,222] {logging_mixin.py:109} INFO - [2022-03-19 14:34:44,222] {dag.py:2396} INFO - Sync 1 DAGs
[2022-03-19 14:34:44,240] {logging_mixin.py:109} INFO - [2022-03-19 14:34:44,240] {dag.py:2935} INFO - Setting next_dagrun for upload_to_gcs_dag to 2022-03-19T00:00:00+00:00
[2022-03-19 14:34:44,363] {processor.py:171} INFO - Processing /opt/airflow/dags/upload_to_gcs_dag.py took 0.908 seconds
[2022-03-19 14:35:14,623] {processor.py:163} INFO - Started process (PID=508) to work on /opt/airflow/dags/upload_to_gcs_dag.py
[2022-03-19 14:35:14,626] {processor.py:642} INFO - Processing file /opt/airflow/dags/upload_to_gcs_dag.py for tasks to queue
[2022-03-19 14:35:14,629] {logging_mixin.py:109} INFO - [2022-03-19 14:35:14,629] {dagbag.py:500} INFO - Filling up the DagBag from /opt/airflow/dags/upload_to_gcs_dag.py
[2022-03-19 14:35:15,346] {processor.py:654} INFO - DAG(s) dict_keys(['upload_to_gcs_dag']) retrieved from /opt/airflow/dags/upload_to_gcs_dag.py
[2022-03-19 14:35:15,356] {logging_mixin.py:109} INFO - [2022-03-19 14:35:15,356] {dag.py:2396} INFO - Sync 1 DAGs
[2022-03-19 14:35:15,370] {logging_mixin.py:109} INFO - [2022-03-19 14:35:15,370] {dag.py:2935} INFO - Setting next_dagrun for upload_to_gcs_dag to 2022-03-19T00:00:00+00:00
[2022-03-19 14:35:15,791] {processor.py:171} INFO - Processing /opt/airflow/dags/upload_to_gcs_dag.py took 1.175 seconds
[2022-03-19 15:07:23,492] {processor.py:163} INFO - Started process (PID=94) to work on /opt/airflow/dags/upload_to_gcs_dag.py
[2022-03-19 15:07:23,493] {processor.py:642} INFO - Processing file /opt/airflow/dags/upload_to_gcs_dag.py for tasks to queue
[2022-03-19 15:07:23,494] {logging_mixin.py:109} INFO - [2022-03-19 15:07:23,493] {dagbag.py:500} INFO - Filling up the DagBag from /opt/airflow/dags/upload_to_gcs_dag.py
[2022-03-19 15:07:53,545] {logging_mixin.py:109} INFO - [2022-03-19 15:07:53,544] {timeout.py:36} ERROR - Process timed out, PID: 94
[2022-03-19 15:07:55,176] {logging_mixin.py:109} INFO - [2022-03-19 15:07:53,546] {dagbag.py:334} ERROR - Failed to import: /opt/airflow/dags/upload_to_gcs_dag.py
Traceback (most recent call last):
  File "/home/airflow/.local/lib/python3.7/site-packages/airflow/models/dagbag.py", line 331, in _load_modules_from_file
    loader.exec_module(new_module)
  File "<frozen importlib._bootstrap_external>", line 728, in exec_module
  File "<frozen importlib._bootstrap>", line 219, in _call_with_frames_removed
  File "/opt/airflow/dags/upload_to_gcs_dag.py", line 10, in <module>
    from airflow.providers.google.cloud.operators.bigquery import BigQueryCreateExternalTableOperator
  File "/home/airflow/.local/lib/python3.7/site-packages/airflow/providers/google/cloud/operators/bigquery.py", line 38, in <module>
    from airflow.providers.google.cloud.hooks.bigquery import BigQueryHook, BigQueryJob
  File "/home/airflow/.local/lib/python3.7/site-packages/airflow/providers/google/cloud/hooks/bigquery.py", line 33, in <module>
    from google.cloud.bigquery import (
  File "/home/airflow/.local/lib/python3.7/site-packages/google/cloud/bigquery/__init__.py", line 35, in <module>
    from google.cloud.bigquery.client import Client
  File "/home/airflow/.local/lib/python3.7/site-packages/google/cloud/bigquery/client.py", line 61, in <module>
    from google.cloud.bigquery_storage_v1.services.big_query_read.client import (
  File "/home/airflow/.local/lib/python3.7/site-packages/google/cloud/bigquery_storage_v1/__init__.py", line 25, in <module>
    from google.cloud.bigquery_storage_v1 import client
  File "/home/airflow/.local/lib/python3.7/site-packages/google/cloud/bigquery_storage_v1/client.py", line 26, in <module>
    from google.cloud.bigquery_storage_v1 import reader
  File "/home/airflow/.local/lib/python3.7/site-packages/google/cloud/bigquery_storage_v1/reader.py", line 28, in <module>
    import pandas
  File "/home/airflow/.local/lib/python3.7/site-packages/pandas/__init__.py", line 50, in <module>
    from pandas.core.api import (
  File "/home/airflow/.local/lib/python3.7/site-packages/pandas/core/api.py", line 29, in <module>
    from pandas.core.arrays import Categorical
  File "/home/airflow/.local/lib/python3.7/site-packages/pandas/core/arrays/__init__.py", line 11, in <module>
    from pandas.core.arrays.interval import IntervalArray
  File "/home/airflow/.local/lib/python3.7/site-packages/pandas/core/arrays/interval.py", line 82, in <module>
    from pandas.core.indexes.base import ensure_index
  File "<frozen importlib._bootstrap>", line 983, in _find_and_load
  File "<frozen importlib._bootstrap>", line 967, in _find_and_load_unlocked
  File "<frozen importlib._bootstrap>", line 677, in _load_unlocked
  File "<frozen importlib._bootstrap_external>", line 724, in exec_module
  File "<frozen importlib._bootstrap_external>", line 818, in get_code
  File "<frozen importlib._bootstrap_external>", line 917, in get_data
  File "/home/airflow/.local/lib/python3.7/site-packages/airflow/utils/timeout.py", line 37, in handle_timeout
    raise AirflowTaskTimeout(self.error_message)
airflow.exceptions.AirflowTaskTimeout: DagBag import timeout for /opt/airflow/dags/upload_to_gcs_dag.py after 30.0s.
Please take a look at these docs to improve your DAG import time:
* https://airflow.apache.org/docs/apache-airflow/2.2.3/best-practices.html#top-level-python-code
* https://airflow.apache.org/docs/apache-airflow/2.2.3/best-practices.html#reducing-dag-complexity, PID: 94
[2022-03-19 15:07:55,329] {processor.py:690} INFO - Deactivated 1 DAGs which are no longer present in /opt/airflow/dags/upload_to_gcs_dag.py
[2022-03-19 15:07:55,330] {processor.py:656} WARNING - No viable dags retrieved from /opt/airflow/dags/upload_to_gcs_dag.py
[2022-03-19 15:07:55,825] {processor.py:171} INFO - Processing /opt/airflow/dags/upload_to_gcs_dag.py took 32.336 seconds
[2022-03-19 15:08:26,009] {processor.py:163} INFO - Started process (PID=149) to work on /opt/airflow/dags/upload_to_gcs_dag.py
[2022-03-19 15:08:26,011] {processor.py:642} INFO - Processing file /opt/airflow/dags/upload_to_gcs_dag.py for tasks to queue
[2022-03-19 15:08:26,014] {logging_mixin.py:109} INFO - [2022-03-19 15:08:26,014] {dagbag.py:500} INFO - Filling up the DagBag from /opt/airflow/dags/upload_to_gcs_dag.py
[2022-03-19 15:08:29,674] {processor.py:654} INFO - DAG(s) dict_keys(['upload_to_gcs_dag']) retrieved from /opt/airflow/dags/upload_to_gcs_dag.py
[2022-03-19 15:08:29,683] {logging_mixin.py:109} INFO - [2022-03-19 15:08:29,683] {dag.py:2396} INFO - Sync 1 DAGs
[2022-03-19 15:08:29,715] {logging_mixin.py:109} INFO - [2022-03-19 15:08:29,715] {dag.py:2935} INFO - Setting next_dagrun for upload_to_gcs_dag to 2022-03-19T00:00:00+00:00
[2022-03-19 15:08:29,859] {processor.py:171} INFO - Processing /opt/airflow/dags/upload_to_gcs_dag.py took 3.853 seconds
[2022-03-19 15:09:00,110] {processor.py:163} INFO - Started process (PID=173) to work on /opt/airflow/dags/upload_to_gcs_dag.py
[2022-03-19 15:09:00,111] {processor.py:642} INFO - Processing file /opt/airflow/dags/upload_to_gcs_dag.py for tasks to queue
[2022-03-19 15:09:00,112] {logging_mixin.py:109} INFO - [2022-03-19 15:09:00,112] {dagbag.py:500} INFO - Filling up the DagBag from /opt/airflow/dags/upload_to_gcs_dag.py
[2022-03-19 15:09:00,910] {processor.py:654} INFO - DAG(s) dict_keys(['upload_to_gcs_dag']) retrieved from /opt/airflow/dags/upload_to_gcs_dag.py
[2022-03-19 15:09:00,920] {logging_mixin.py:109} INFO - [2022-03-19 15:09:00,920] {dag.py:2396} INFO - Sync 1 DAGs
[2022-03-19 15:09:00,939] {logging_mixin.py:109} INFO - [2022-03-19 15:09:00,939] {dag.py:2935} INFO - Setting next_dagrun for upload_to_gcs_dag to 2022-03-19T00:00:00+00:00
[2022-03-19 15:09:01,494] {processor.py:171} INFO - Processing /opt/airflow/dags/upload_to_gcs_dag.py took 1.388 seconds
