[2022-03-07 11:04:32,064] {processor.py:163} INFO - Started process (PID=41) to work on /opt/airflow/dags/upload_to_gcs_dag.py
[2022-03-07 11:04:32,072] {processor.py:642} INFO - Processing file /opt/airflow/dags/upload_to_gcs_dag.py for tasks to queue
[2022-03-07 11:04:32,073] {logging_mixin.py:109} INFO - [2022-03-07 11:04:32,073] {dagbag.py:500} INFO - Filling up the DagBag from /opt/airflow/dags/upload_to_gcs_dag.py
[2022-03-07 11:04:47,574] {processor.py:654} INFO - DAG(s) dict_keys(['upload_to_gcs_dag']) retrieved from /opt/airflow/dags/upload_to_gcs_dag.py
[2022-03-07 11:05:03,107] {logging_mixin.py:109} INFO - [2022-03-07 11:05:03,107] {manager.py:496} INFO - Created Permission View: can read on DAG:upload_to_gcs_dag
[2022-03-07 11:05:07,073] {logging_mixin.py:109} INFO - [2022-03-07 11:05:07,073] {manager.py:496} INFO - Created Permission View: can edit on DAG:upload_to_gcs_dag
[2022-03-07 11:05:07,076] {logging_mixin.py:109} INFO - [2022-03-07 11:05:07,075] {dag.py:2396} INFO - Sync 1 DAGs
[2022-03-07 11:05:07,092] {logging_mixin.py:109} INFO - [2022-03-07 11:05:07,092] {dag.py:2415} INFO - Creating ORM DAG for upload_to_gcs_dag
[2022-03-07 11:05:07,106] {logging_mixin.py:109} INFO - [2022-03-07 11:05:07,105] {dag.py:2935} INFO - Setting next_dagrun for upload_to_gcs_dag to 2022-03-06T00:00:00+00:00
[2022-03-07 11:05:10,084] {processor.py:171} INFO - Processing /opt/airflow/dags/upload_to_gcs_dag.py took 38.023 seconds
[2022-03-07 11:05:40,755] {processor.py:163} INFO - Started process (PID=78) to work on /opt/airflow/dags/upload_to_gcs_dag.py
[2022-03-07 11:05:45,426] {processor.py:642} INFO - Processing file /opt/airflow/dags/upload_to_gcs_dag.py for tasks to queue
[2022-03-07 11:05:45,428] {logging_mixin.py:109} INFO - [2022-03-07 11:05:45,428] {dagbag.py:500} INFO - Filling up the DagBag from /opt/airflow/dags/upload_to_gcs_dag.py
[2022-03-07 11:06:05,301] {processor.py:654} INFO - DAG(s) dict_keys(['upload_to_gcs_dag']) retrieved from /opt/airflow/dags/upload_to_gcs_dag.py
[2022-03-07 11:06:05,311] {logging_mixin.py:109} INFO - [2022-03-07 11:06:05,311] {dag.py:2396} INFO - Sync 1 DAGs
[2022-03-07 11:06:05,329] {logging_mixin.py:109} INFO - [2022-03-07 11:06:05,329] {dag.py:2935} INFO - Setting next_dagrun for upload_to_gcs_dag to 2022-03-06T00:00:00+00:00
[2022-03-07 11:06:05,969] {processor.py:171} INFO - Processing /opt/airflow/dags/upload_to_gcs_dag.py took 25.222 seconds
[2022-03-07 11:06:36,296] {processor.py:163} INFO - Started process (PID=112) to work on /opt/airflow/dags/upload_to_gcs_dag.py
[2022-03-07 11:06:36,297] {processor.py:642} INFO - Processing file /opt/airflow/dags/upload_to_gcs_dag.py for tasks to queue
[2022-03-07 11:06:36,299] {logging_mixin.py:109} INFO - [2022-03-07 11:06:36,299] {dagbag.py:500} INFO - Filling up the DagBag from /opt/airflow/dags/upload_to_gcs_dag.py
[2022-03-07 11:06:37,291] {processor.py:654} INFO - DAG(s) dict_keys(['upload_to_gcs_dag']) retrieved from /opt/airflow/dags/upload_to_gcs_dag.py
[2022-03-07 11:06:37,306] {logging_mixin.py:109} INFO - [2022-03-07 11:06:37,306] {dag.py:2396} INFO - Sync 1 DAGs
[2022-03-07 11:06:37,326] {logging_mixin.py:109} INFO - [2022-03-07 11:06:37,325] {dag.py:2935} INFO - Setting next_dagrun for upload_to_gcs_dag to 2022-03-06T00:00:00+00:00
[2022-03-07 11:06:37,883] {processor.py:171} INFO - Processing /opt/airflow/dags/upload_to_gcs_dag.py took 1.593 seconds
[2022-03-07 11:07:08,154] {processor.py:163} INFO - Started process (PID=139) to work on /opt/airflow/dags/upload_to_gcs_dag.py
[2022-03-07 11:07:08,158] {processor.py:642} INFO - Processing file /opt/airflow/dags/upload_to_gcs_dag.py for tasks to queue
[2022-03-07 11:07:08,160] {logging_mixin.py:109} INFO - [2022-03-07 11:07:08,160] {dagbag.py:500} INFO - Filling up the DagBag from /opt/airflow/dags/upload_to_gcs_dag.py
[2022-03-07 11:07:09,658] {processor.py:654} INFO - DAG(s) dict_keys(['upload_to_gcs_dag']) retrieved from /opt/airflow/dags/upload_to_gcs_dag.py
[2022-03-07 11:07:09,669] {logging_mixin.py:109} INFO - [2022-03-07 11:07:09,668] {dag.py:2396} INFO - Sync 1 DAGs
[2022-03-07 11:07:09,698] {logging_mixin.py:109} INFO - [2022-03-07 11:07:09,698] {dag.py:2935} INFO - Setting next_dagrun for upload_to_gcs_dag to 2022-03-06T00:00:00+00:00
[2022-03-07 11:07:10,604] {processor.py:171} INFO - Processing /opt/airflow/dags/upload_to_gcs_dag.py took 2.454 seconds
[2022-03-07 11:07:40,749] {processor.py:163} INFO - Started process (PID=165) to work on /opt/airflow/dags/upload_to_gcs_dag.py
[2022-03-07 11:07:40,750] {processor.py:642} INFO - Processing file /opt/airflow/dags/upload_to_gcs_dag.py for tasks to queue
[2022-03-07 11:07:40,751] {logging_mixin.py:109} INFO - [2022-03-07 11:07:40,751] {dagbag.py:500} INFO - Filling up the DagBag from /opt/airflow/dags/upload_to_gcs_dag.py
[2022-03-07 11:07:41,698] {processor.py:654} INFO - DAG(s) dict_keys(['upload_to_gcs_dag']) retrieved from /opt/airflow/dags/upload_to_gcs_dag.py
[2022-03-07 11:07:41,711] {logging_mixin.py:109} INFO - [2022-03-07 11:07:41,710] {dag.py:2396} INFO - Sync 1 DAGs
[2022-03-07 11:07:41,727] {logging_mixin.py:109} INFO - [2022-03-07 11:07:41,727] {dag.py:2935} INFO - Setting next_dagrun for upload_to_gcs_dag to 2022-03-06T00:00:00+00:00
[2022-03-07 11:07:41,947] {processor.py:171} INFO - Processing /opt/airflow/dags/upload_to_gcs_dag.py took 1.202 seconds
[2022-03-07 11:08:12,092] {processor.py:163} INFO - Started process (PID=190) to work on /opt/airflow/dags/upload_to_gcs_dag.py
[2022-03-07 11:08:12,094] {processor.py:642} INFO - Processing file /opt/airflow/dags/upload_to_gcs_dag.py for tasks to queue
[2022-03-07 11:08:12,095] {logging_mixin.py:109} INFO - [2022-03-07 11:08:12,095] {dagbag.py:500} INFO - Filling up the DagBag from /opt/airflow/dags/upload_to_gcs_dag.py
[2022-03-07 11:08:13,667] {processor.py:654} INFO - DAG(s) dict_keys(['upload_to_gcs_dag']) retrieved from /opt/airflow/dags/upload_to_gcs_dag.py
[2022-03-07 11:08:13,712] {logging_mixin.py:109} INFO - [2022-03-07 11:08:13,711] {dag.py:2396} INFO - Sync 1 DAGs
[2022-03-07 11:08:13,768] {logging_mixin.py:109} INFO - [2022-03-07 11:08:13,767] {dag.py:2935} INFO - Setting next_dagrun for upload_to_gcs_dag to 2022-03-06T00:00:00+00:00
[2022-03-07 11:08:13,890] {processor.py:171} INFO - Processing /opt/airflow/dags/upload_to_gcs_dag.py took 1.802 seconds
[2022-03-07 11:08:44,071] {processor.py:163} INFO - Started process (PID=225) to work on /opt/airflow/dags/upload_to_gcs_dag.py
[2022-03-07 11:08:44,073] {processor.py:642} INFO - Processing file /opt/airflow/dags/upload_to_gcs_dag.py for tasks to queue
[2022-03-07 11:08:44,074] {logging_mixin.py:109} INFO - [2022-03-07 11:08:44,074] {dagbag.py:500} INFO - Filling up the DagBag from /opt/airflow/dags/upload_to_gcs_dag.py
[2022-03-07 11:08:44,988] {processor.py:654} INFO - DAG(s) dict_keys(['upload_to_gcs_dag']) retrieved from /opt/airflow/dags/upload_to_gcs_dag.py
[2022-03-07 11:08:45,000] {logging_mixin.py:109} INFO - [2022-03-07 11:08:45,000] {dag.py:2396} INFO - Sync 1 DAGs
[2022-03-07 11:08:45,015] {logging_mixin.py:109} INFO - [2022-03-07 11:08:45,015] {dag.py:2935} INFO - Setting next_dagrun for upload_to_gcs_dag to 2022-03-06T00:00:00+00:00
[2022-03-07 11:08:45,089] {processor.py:171} INFO - Processing /opt/airflow/dags/upload_to_gcs_dag.py took 1.022 seconds
[2022-03-07 11:09:15,675] {processor.py:163} INFO - Started process (PID=250) to work on /opt/airflow/dags/upload_to_gcs_dag.py
[2022-03-07 11:09:15,677] {processor.py:642} INFO - Processing file /opt/airflow/dags/upload_to_gcs_dag.py for tasks to queue
[2022-03-07 11:09:15,678] {logging_mixin.py:109} INFO - [2022-03-07 11:09:15,678] {dagbag.py:500} INFO - Filling up the DagBag from /opt/airflow/dags/upload_to_gcs_dag.py
[2022-03-07 11:09:17,739] {processor.py:654} INFO - DAG(s) dict_keys(['upload_to_gcs_dag']) retrieved from /opt/airflow/dags/upload_to_gcs_dag.py
[2022-03-07 11:09:17,773] {logging_mixin.py:109} INFO - [2022-03-07 11:09:17,773] {dag.py:2396} INFO - Sync 1 DAGs
[2022-03-07 11:09:17,825] {logging_mixin.py:109} INFO - [2022-03-07 11:09:17,825] {dag.py:2935} INFO - Setting next_dagrun for upload_to_gcs_dag to 2022-03-06T00:00:00+00:00
[2022-03-07 11:09:17,922] {processor.py:171} INFO - Processing /opt/airflow/dags/upload_to_gcs_dag.py took 2.251 seconds
[2022-03-07 11:09:48,122] {processor.py:163} INFO - Started process (PID=274) to work on /opt/airflow/dags/upload_to_gcs_dag.py
[2022-03-07 11:09:48,124] {processor.py:642} INFO - Processing file /opt/airflow/dags/upload_to_gcs_dag.py for tasks to queue
[2022-03-07 11:09:48,125] {logging_mixin.py:109} INFO - [2022-03-07 11:09:48,125] {dagbag.py:500} INFO - Filling up the DagBag from /opt/airflow/dags/upload_to_gcs_dag.py
[2022-03-07 11:09:49,079] {processor.py:654} INFO - DAG(s) dict_keys(['upload_to_gcs_dag']) retrieved from /opt/airflow/dags/upload_to_gcs_dag.py
[2022-03-07 11:09:49,093] {logging_mixin.py:109} INFO - [2022-03-07 11:09:49,093] {dag.py:2396} INFO - Sync 1 DAGs
[2022-03-07 11:09:49,119] {logging_mixin.py:109} INFO - [2022-03-07 11:09:49,119] {dag.py:2935} INFO - Setting next_dagrun for upload_to_gcs_dag to 2022-03-06T00:00:00+00:00
[2022-03-07 11:09:49,222] {processor.py:171} INFO - Processing /opt/airflow/dags/upload_to_gcs_dag.py took 1.104 seconds
[2022-03-07 11:10:19,312] {processor.py:163} INFO - Started process (PID=309) to work on /opt/airflow/dags/upload_to_gcs_dag.py
[2022-03-07 11:10:19,317] {processor.py:642} INFO - Processing file /opt/airflow/dags/upload_to_gcs_dag.py for tasks to queue
[2022-03-07 11:10:19,319] {logging_mixin.py:109} INFO - [2022-03-07 11:10:19,319] {dagbag.py:500} INFO - Filling up the DagBag from /opt/airflow/dags/upload_to_gcs_dag.py
[2022-03-07 11:10:20,427] {processor.py:654} INFO - DAG(s) dict_keys(['upload_to_gcs_dag']) retrieved from /opt/airflow/dags/upload_to_gcs_dag.py
[2022-03-07 11:10:20,438] {logging_mixin.py:109} INFO - [2022-03-07 11:10:20,437] {dag.py:2396} INFO - Sync 1 DAGs
[2022-03-07 11:10:20,456] {logging_mixin.py:109} INFO - [2022-03-07 11:10:20,456] {dag.py:2935} INFO - Setting next_dagrun for upload_to_gcs_dag to 2022-03-06T00:00:00+00:00
[2022-03-07 11:10:20,502] {processor.py:171} INFO - Processing /opt/airflow/dags/upload_to_gcs_dag.py took 1.197 seconds
[2022-03-07 11:10:50,674] {processor.py:163} INFO - Started process (PID=335) to work on /opt/airflow/dags/upload_to_gcs_dag.py
[2022-03-07 11:10:50,676] {processor.py:642} INFO - Processing file /opt/airflow/dags/upload_to_gcs_dag.py for tasks to queue
[2022-03-07 11:10:50,677] {logging_mixin.py:109} INFO - [2022-03-07 11:10:50,677] {dagbag.py:500} INFO - Filling up the DagBag from /opt/airflow/dags/upload_to_gcs_dag.py
[2022-03-07 11:10:51,472] {processor.py:654} INFO - DAG(s) dict_keys(['upload_to_gcs_dag']) retrieved from /opt/airflow/dags/upload_to_gcs_dag.py
[2022-03-07 11:10:51,482] {logging_mixin.py:109} INFO - [2022-03-07 11:10:51,482] {dag.py:2396} INFO - Sync 1 DAGs
[2022-03-07 11:10:51,498] {logging_mixin.py:109} INFO - [2022-03-07 11:10:51,498] {dag.py:2935} INFO - Setting next_dagrun for upload_to_gcs_dag to 2022-03-06T00:00:00+00:00
[2022-03-07 11:10:51,552] {processor.py:171} INFO - Processing /opt/airflow/dags/upload_to_gcs_dag.py took 0.883 seconds
[2022-03-07 11:11:21,711] {processor.py:163} INFO - Started process (PID=360) to work on /opt/airflow/dags/upload_to_gcs_dag.py
[2022-03-07 11:11:21,713] {processor.py:642} INFO - Processing file /opt/airflow/dags/upload_to_gcs_dag.py for tasks to queue
[2022-03-07 11:11:21,714] {logging_mixin.py:109} INFO - [2022-03-07 11:11:21,714] {dagbag.py:500} INFO - Filling up the DagBag from /opt/airflow/dags/upload_to_gcs_dag.py
[2022-03-07 11:11:22,610] {processor.py:654} INFO - DAG(s) dict_keys(['upload_to_gcs_dag']) retrieved from /opt/airflow/dags/upload_to_gcs_dag.py
[2022-03-07 11:11:22,620] {logging_mixin.py:109} INFO - [2022-03-07 11:11:22,620] {dag.py:2396} INFO - Sync 1 DAGs
[2022-03-07 11:11:22,636] {logging_mixin.py:109} INFO - [2022-03-07 11:11:22,636] {dag.py:2935} INFO - Setting next_dagrun for upload_to_gcs_dag to 2022-03-06T00:00:00+00:00
[2022-03-07 11:11:22,678] {processor.py:171} INFO - Processing /opt/airflow/dags/upload_to_gcs_dag.py took 0.972 seconds
[2022-03-07 11:11:52,843] {processor.py:163} INFO - Started process (PID=394) to work on /opt/airflow/dags/upload_to_gcs_dag.py
[2022-03-07 11:11:52,849] {processor.py:642} INFO - Processing file /opt/airflow/dags/upload_to_gcs_dag.py for tasks to queue
[2022-03-07 11:11:52,850] {logging_mixin.py:109} INFO - [2022-03-07 11:11:52,850] {dagbag.py:500} INFO - Filling up the DagBag from /opt/airflow/dags/upload_to_gcs_dag.py
[2022-03-07 11:11:53,925] {processor.py:654} INFO - DAG(s) dict_keys(['upload_to_gcs_dag']) retrieved from /opt/airflow/dags/upload_to_gcs_dag.py
[2022-03-07 11:11:53,938] {logging_mixin.py:109} INFO - [2022-03-07 11:11:53,938] {dag.py:2396} INFO - Sync 1 DAGs
[2022-03-07 11:11:53,955] {logging_mixin.py:109} INFO - [2022-03-07 11:11:53,955] {dag.py:2935} INFO - Setting next_dagrun for upload_to_gcs_dag to 2022-03-06T00:00:00+00:00
[2022-03-07 11:11:54,349] {processor.py:171} INFO - Processing /opt/airflow/dags/upload_to_gcs_dag.py took 1.510 seconds
[2022-03-07 11:12:24,461] {processor.py:163} INFO - Started process (PID=419) to work on /opt/airflow/dags/upload_to_gcs_dag.py
[2022-03-07 11:12:24,463] {processor.py:642} INFO - Processing file /opt/airflow/dags/upload_to_gcs_dag.py for tasks to queue
[2022-03-07 11:12:24,464] {logging_mixin.py:109} INFO - [2022-03-07 11:12:24,464] {dagbag.py:500} INFO - Filling up the DagBag from /opt/airflow/dags/upload_to_gcs_dag.py
[2022-03-07 11:12:25,482] {processor.py:654} INFO - DAG(s) dict_keys(['upload_to_gcs_dag']) retrieved from /opt/airflow/dags/upload_to_gcs_dag.py
[2022-03-07 11:12:25,513] {logging_mixin.py:109} INFO - [2022-03-07 11:12:25,513] {dag.py:2396} INFO - Sync 1 DAGs
[2022-03-07 11:12:25,553] {logging_mixin.py:109} INFO - [2022-03-07 11:12:25,552] {dag.py:2935} INFO - Setting next_dagrun for upload_to_gcs_dag to 2022-03-06T00:00:00+00:00
[2022-03-07 11:12:25,816] {processor.py:171} INFO - Processing /opt/airflow/dags/upload_to_gcs_dag.py took 1.359 seconds
[2022-03-07 11:12:56,039] {processor.py:163} INFO - Started process (PID=443) to work on /opt/airflow/dags/upload_to_gcs_dag.py
[2022-03-07 11:12:56,041] {processor.py:642} INFO - Processing file /opt/airflow/dags/upload_to_gcs_dag.py for tasks to queue
[2022-03-07 11:12:56,042] {logging_mixin.py:109} INFO - [2022-03-07 11:12:56,042] {dagbag.py:500} INFO - Filling up the DagBag from /opt/airflow/dags/upload_to_gcs_dag.py
[2022-03-07 11:12:58,243] {processor.py:654} INFO - DAG(s) dict_keys(['upload_to_gcs_dag']) retrieved from /opt/airflow/dags/upload_to_gcs_dag.py
[2022-03-07 11:12:58,275] {logging_mixin.py:109} INFO - [2022-03-07 11:12:58,274] {dag.py:2396} INFO - Sync 1 DAGs
[2022-03-07 11:12:58,323] {logging_mixin.py:109} INFO - [2022-03-07 11:12:58,322] {dag.py:2935} INFO - Setting next_dagrun for upload_to_gcs_dag to 2022-03-06T00:00:00+00:00
[2022-03-07 11:12:58,427] {processor.py:171} INFO - Processing /opt/airflow/dags/upload_to_gcs_dag.py took 2.392 seconds
[2022-03-07 11:13:28,649] {processor.py:163} INFO - Started process (PID=479) to work on /opt/airflow/dags/upload_to_gcs_dag.py
[2022-03-07 11:13:28,651] {processor.py:642} INFO - Processing file /opt/airflow/dags/upload_to_gcs_dag.py for tasks to queue
[2022-03-07 11:13:28,652] {logging_mixin.py:109} INFO - [2022-03-07 11:13:28,652] {dagbag.py:500} INFO - Filling up the DagBag from /opt/airflow/dags/upload_to_gcs_dag.py
[2022-03-07 11:13:29,515] {processor.py:654} INFO - DAG(s) dict_keys(['upload_to_gcs_dag']) retrieved from /opt/airflow/dags/upload_to_gcs_dag.py
[2022-03-07 11:13:29,531] {logging_mixin.py:109} INFO - [2022-03-07 11:13:29,531] {dag.py:2396} INFO - Sync 1 DAGs
[2022-03-07 11:13:29,545] {logging_mixin.py:109} INFO - [2022-03-07 11:13:29,545] {dag.py:2935} INFO - Setting next_dagrun for upload_to_gcs_dag to 2022-03-06T00:00:00+00:00
[2022-03-07 11:13:29,605] {processor.py:171} INFO - Processing /opt/airflow/dags/upload_to_gcs_dag.py took 0.960 seconds
[2022-03-07 11:21:22,364] {processor.py:163} INFO - Started process (PID=41) to work on /opt/airflow/dags/upload_to_gcs_dag.py
[2022-03-07 11:21:22,366] {processor.py:642} INFO - Processing file /opt/airflow/dags/upload_to_gcs_dag.py for tasks to queue
[2022-03-07 11:21:22,367] {logging_mixin.py:109} INFO - [2022-03-07 11:21:22,366] {dagbag.py:500} INFO - Filling up the DagBag from /opt/airflow/dags/upload_to_gcs_dag.py
[2022-03-07 11:21:25,125] {processor.py:654} INFO - DAG(s) dict_keys(['upload_to_gcs_dag']) retrieved from /opt/airflow/dags/upload_to_gcs_dag.py
[2022-03-07 11:21:32,153] {logging_mixin.py:109} INFO - [2022-03-07 11:21:32,153] {manager.py:496} INFO - Created Permission View: can read on DAG:upload_to_gcs_dag
[2022-03-07 11:21:32,288] {logging_mixin.py:109} INFO - [2022-03-07 11:21:32,288] {manager.py:496} INFO - Created Permission View: can edit on DAG:upload_to_gcs_dag
[2022-03-07 11:21:32,291] {logging_mixin.py:109} INFO - [2022-03-07 11:21:32,290] {dag.py:2396} INFO - Sync 1 DAGs
[2022-03-07 11:21:32,340] {logging_mixin.py:109} INFO - [2022-03-07 11:21:32,340] {dag.py:2415} INFO - Creating ORM DAG for upload_to_gcs_dag
[2022-03-07 11:21:32,381] {logging_mixin.py:109} INFO - [2022-03-07 11:21:32,381] {dag.py:2935} INFO - Setting next_dagrun for upload_to_gcs_dag to 2022-03-06T00:00:00+00:00
[2022-03-07 11:21:32,622] {processor.py:171} INFO - Processing /opt/airflow/dags/upload_to_gcs_dag.py took 10.261 seconds
[2022-03-07 11:22:02,692] {processor.py:163} INFO - Started process (PID=74) to work on /opt/airflow/dags/upload_to_gcs_dag.py
[2022-03-07 11:22:02,694] {processor.py:642} INFO - Processing file /opt/airflow/dags/upload_to_gcs_dag.py for tasks to queue
[2022-03-07 11:22:02,695] {logging_mixin.py:109} INFO - [2022-03-07 11:22:02,695] {dagbag.py:500} INFO - Filling up the DagBag from /opt/airflow/dags/upload_to_gcs_dag.py
[2022-03-07 11:22:03,562] {processor.py:654} INFO - DAG(s) dict_keys(['upload_to_gcs_dag']) retrieved from /opt/airflow/dags/upload_to_gcs_dag.py
[2022-03-07 11:22:03,571] {logging_mixin.py:109} INFO - [2022-03-07 11:22:03,570] {dag.py:2396} INFO - Sync 1 DAGs
[2022-03-07 11:22:03,586] {logging_mixin.py:109} INFO - [2022-03-07 11:22:03,585] {dag.py:2935} INFO - Setting next_dagrun for upload_to_gcs_dag to 2022-03-06T00:00:00+00:00
[2022-03-07 11:22:03,687] {processor.py:171} INFO - Processing /opt/airflow/dags/upload_to_gcs_dag.py took 1.000 seconds
[2022-03-07 11:22:33,889] {processor.py:163} INFO - Started process (PID=100) to work on /opt/airflow/dags/upload_to_gcs_dag.py
[2022-03-07 11:22:33,892] {processor.py:642} INFO - Processing file /opt/airflow/dags/upload_to_gcs_dag.py for tasks to queue
[2022-03-07 11:22:33,894] {logging_mixin.py:109} INFO - [2022-03-07 11:22:33,894] {dagbag.py:500} INFO - Filling up the DagBag from /opt/airflow/dags/upload_to_gcs_dag.py
[2022-03-07 11:22:34,732] {processor.py:654} INFO - DAG(s) dict_keys(['upload_to_gcs_dag']) retrieved from /opt/airflow/dags/upload_to_gcs_dag.py
[2022-03-07 11:22:34,741] {logging_mixin.py:109} INFO - [2022-03-07 11:22:34,741] {dag.py:2396} INFO - Sync 1 DAGs
[2022-03-07 11:22:34,756] {logging_mixin.py:109} INFO - [2022-03-07 11:22:34,756] {dag.py:2935} INFO - Setting next_dagrun for upload_to_gcs_dag to 2022-03-06T00:00:00+00:00
[2022-03-07 11:22:34,797] {processor.py:171} INFO - Processing /opt/airflow/dags/upload_to_gcs_dag.py took 0.915 seconds
[2022-03-07 11:23:04,941] {processor.py:163} INFO - Started process (PID=125) to work on /opt/airflow/dags/upload_to_gcs_dag.py
[2022-03-07 11:23:04,944] {processor.py:642} INFO - Processing file /opt/airflow/dags/upload_to_gcs_dag.py for tasks to queue
[2022-03-07 11:23:04,945] {logging_mixin.py:109} INFO - [2022-03-07 11:23:04,945] {dagbag.py:500} INFO - Filling up the DagBag from /opt/airflow/dags/upload_to_gcs_dag.py
[2022-03-07 11:23:06,116] {processor.py:654} INFO - DAG(s) dict_keys(['upload_to_gcs_dag']) retrieved from /opt/airflow/dags/upload_to_gcs_dag.py
[2022-03-07 11:23:06,131] {logging_mixin.py:109} INFO - [2022-03-07 11:23:06,131] {dag.py:2396} INFO - Sync 1 DAGs
[2022-03-07 11:23:06,152] {logging_mixin.py:109} INFO - [2022-03-07 11:23:06,152] {dag.py:2935} INFO - Setting next_dagrun for upload_to_gcs_dag to 2022-03-06T00:00:00+00:00
[2022-03-07 11:23:06,203] {processor.py:171} INFO - Processing /opt/airflow/dags/upload_to_gcs_dag.py took 1.266 seconds
[2022-03-07 11:23:36,336] {processor.py:163} INFO - Started process (PID=158) to work on /opt/airflow/dags/upload_to_gcs_dag.py
[2022-03-07 11:23:36,337] {processor.py:642} INFO - Processing file /opt/airflow/dags/upload_to_gcs_dag.py for tasks to queue
[2022-03-07 11:23:36,338] {logging_mixin.py:109} INFO - [2022-03-07 11:23:36,338] {dagbag.py:500} INFO - Filling up the DagBag from /opt/airflow/dags/upload_to_gcs_dag.py
[2022-03-07 11:23:37,147] {processor.py:654} INFO - DAG(s) dict_keys(['upload_to_gcs_dag']) retrieved from /opt/airflow/dags/upload_to_gcs_dag.py
[2022-03-07 11:23:37,157] {logging_mixin.py:109} INFO - [2022-03-07 11:23:37,157] {dag.py:2396} INFO - Sync 1 DAGs
[2022-03-07 11:23:37,174] {logging_mixin.py:109} INFO - [2022-03-07 11:23:37,174] {dag.py:2935} INFO - Setting next_dagrun for upload_to_gcs_dag to 2022-03-06T00:00:00+00:00
[2022-03-07 11:23:37,268] {processor.py:171} INFO - Processing /opt/airflow/dags/upload_to_gcs_dag.py took 0.936 seconds
[2022-03-07 11:30:21,034] {processor.py:163} INFO - Started process (PID=40) to work on /opt/airflow/dags/upload_to_gcs_dag.py
[2022-03-07 11:30:21,036] {processor.py:642} INFO - Processing file /opt/airflow/dags/upload_to_gcs_dag.py for tasks to queue
[2022-03-07 11:30:21,046] {logging_mixin.py:109} INFO - [2022-03-07 11:30:21,046] {dagbag.py:500} INFO - Filling up the DagBag from /opt/airflow/dags/upload_to_gcs_dag.py
[2022-03-07 11:30:26,267] {processor.py:654} INFO - DAG(s) dict_keys(['upload_to_gcs_dag']) retrieved from /opt/airflow/dags/upload_to_gcs_dag.py
[2022-03-07 11:30:36,063] {logging_mixin.py:109} INFO - [2022-03-07 11:30:36,062] {manager.py:496} INFO - Created Permission View: can read on DAG:upload_to_gcs_dag
[2022-03-07 11:30:36,145] {logging_mixin.py:109} INFO - [2022-03-07 11:30:36,145] {manager.py:496} INFO - Created Permission View: can edit on DAG:upload_to_gcs_dag
[2022-03-07 11:30:36,146] {logging_mixin.py:109} INFO - [2022-03-07 11:30:36,146] {dag.py:2396} INFO - Sync 1 DAGs
[2022-03-07 11:30:36,155] {logging_mixin.py:109} INFO - [2022-03-07 11:30:36,154] {dag.py:2415} INFO - Creating ORM DAG for upload_to_gcs_dag
[2022-03-07 11:30:36,173] {logging_mixin.py:109} INFO - [2022-03-07 11:30:36,173] {dag.py:2935} INFO - Setting next_dagrun for upload_to_gcs_dag to 2022-03-06T00:00:00+00:00
[2022-03-07 11:30:36,249] {processor.py:171} INFO - Processing /opt/airflow/dags/upload_to_gcs_dag.py took 15.219 seconds
[2022-03-07 11:31:07,056] {processor.py:163} INFO - Started process (PID=74) to work on /opt/airflow/dags/upload_to_gcs_dag.py
[2022-03-07 11:31:07,058] {processor.py:642} INFO - Processing file /opt/airflow/dags/upload_to_gcs_dag.py for tasks to queue
[2022-03-07 11:31:07,059] {logging_mixin.py:109} INFO - [2022-03-07 11:31:07,059] {dagbag.py:500} INFO - Filling up the DagBag from /opt/airflow/dags/upload_to_gcs_dag.py
[2022-03-07 11:31:08,081] {processor.py:654} INFO - DAG(s) dict_keys(['upload_to_gcs_dag']) retrieved from /opt/airflow/dags/upload_to_gcs_dag.py
[2022-03-07 11:31:08,093] {logging_mixin.py:109} INFO - [2022-03-07 11:31:08,093] {dag.py:2396} INFO - Sync 1 DAGs
[2022-03-07 11:31:08,111] {logging_mixin.py:109} INFO - [2022-03-07 11:31:08,111] {dag.py:2935} INFO - Setting next_dagrun for upload_to_gcs_dag to 2022-03-06T00:00:00+00:00
[2022-03-07 11:31:08,190] {processor.py:171} INFO - Processing /opt/airflow/dags/upload_to_gcs_dag.py took 1.139 seconds
[2022-03-07 11:31:38,392] {processor.py:163} INFO - Started process (PID=99) to work on /opt/airflow/dags/upload_to_gcs_dag.py
[2022-03-07 11:31:38,394] {processor.py:642} INFO - Processing file /opt/airflow/dags/upload_to_gcs_dag.py for tasks to queue
[2022-03-07 11:31:38,395] {logging_mixin.py:109} INFO - [2022-03-07 11:31:38,395] {dagbag.py:500} INFO - Filling up the DagBag from /opt/airflow/dags/upload_to_gcs_dag.py
[2022-03-07 11:31:39,250] {processor.py:654} INFO - DAG(s) dict_keys(['upload_to_gcs_dag']) retrieved from /opt/airflow/dags/upload_to_gcs_dag.py
[2022-03-07 11:31:39,261] {logging_mixin.py:109} INFO - [2022-03-07 11:31:39,260] {dag.py:2396} INFO - Sync 1 DAGs
[2022-03-07 11:31:39,278] {logging_mixin.py:109} INFO - [2022-03-07 11:31:39,278] {dag.py:2935} INFO - Setting next_dagrun for upload_to_gcs_dag to 2022-03-06T00:00:00+00:00
[2022-03-07 11:31:39,330] {processor.py:171} INFO - Processing /opt/airflow/dags/upload_to_gcs_dag.py took 0.943 seconds
[2022-03-07 11:32:09,627] {processor.py:163} INFO - Started process (PID=133) to work on /opt/airflow/dags/upload_to_gcs_dag.py
[2022-03-07 11:32:09,629] {processor.py:642} INFO - Processing file /opt/airflow/dags/upload_to_gcs_dag.py for tasks to queue
[2022-03-07 11:32:09,630] {logging_mixin.py:109} INFO - [2022-03-07 11:32:09,630] {dagbag.py:500} INFO - Filling up the DagBag from /opt/airflow/dags/upload_to_gcs_dag.py
[2022-03-07 11:32:10,584] {processor.py:654} INFO - DAG(s) dict_keys(['upload_to_gcs_dag']) retrieved from /opt/airflow/dags/upload_to_gcs_dag.py
[2022-03-07 11:32:10,594] {logging_mixin.py:109} INFO - [2022-03-07 11:32:10,593] {dag.py:2396} INFO - Sync 1 DAGs
[2022-03-07 11:32:10,611] {logging_mixin.py:109} INFO - [2022-03-07 11:32:10,611] {dag.py:2935} INFO - Setting next_dagrun for upload_to_gcs_dag to 2022-03-06T00:00:00+00:00
[2022-03-07 11:32:10,737] {processor.py:171} INFO - Processing /opt/airflow/dags/upload_to_gcs_dag.py took 1.115 seconds
[2022-03-07 11:32:40,903] {processor.py:163} INFO - Started process (PID=157) to work on /opt/airflow/dags/upload_to_gcs_dag.py
[2022-03-07 11:32:40,905] {processor.py:642} INFO - Processing file /opt/airflow/dags/upload_to_gcs_dag.py for tasks to queue
[2022-03-07 11:32:40,906] {logging_mixin.py:109} INFO - [2022-03-07 11:32:40,906] {dagbag.py:500} INFO - Filling up the DagBag from /opt/airflow/dags/upload_to_gcs_dag.py
[2022-03-07 11:32:41,703] {processor.py:654} INFO - DAG(s) dict_keys(['upload_to_gcs_dag']) retrieved from /opt/airflow/dags/upload_to_gcs_dag.py
[2022-03-07 11:32:41,713] {logging_mixin.py:109} INFO - [2022-03-07 11:32:41,713] {dag.py:2396} INFO - Sync 1 DAGs
[2022-03-07 11:32:41,730] {logging_mixin.py:109} INFO - [2022-03-07 11:32:41,730] {dag.py:2935} INFO - Setting next_dagrun for upload_to_gcs_dag to 2022-03-06T00:00:00+00:00
[2022-03-07 11:32:41,823] {processor.py:171} INFO - Processing /opt/airflow/dags/upload_to_gcs_dag.py took 0.925 seconds
[2022-03-07 11:33:12,153] {processor.py:163} INFO - Started process (PID=192) to work on /opt/airflow/dags/upload_to_gcs_dag.py
[2022-03-07 11:33:12,155] {processor.py:642} INFO - Processing file /opt/airflow/dags/upload_to_gcs_dag.py for tasks to queue
[2022-03-07 11:33:12,156] {logging_mixin.py:109} INFO - [2022-03-07 11:33:12,156] {dagbag.py:500} INFO - Filling up the DagBag from /opt/airflow/dags/upload_to_gcs_dag.py
[2022-03-07 11:33:13,814] {processor.py:654} INFO - DAG(s) dict_keys(['upload_to_gcs_dag']) retrieved from /opt/airflow/dags/upload_to_gcs_dag.py
[2022-03-07 11:33:13,837] {logging_mixin.py:109} INFO - [2022-03-07 11:33:13,837] {dag.py:2396} INFO - Sync 1 DAGs
[2022-03-07 11:33:13,895] {logging_mixin.py:109} INFO - [2022-03-07 11:33:13,895] {dag.py:2935} INFO - Setting next_dagrun for upload_to_gcs_dag to 2022-03-06T00:00:00+00:00
[2022-03-07 11:33:14,003] {processor.py:171} INFO - Processing /opt/airflow/dags/upload_to_gcs_dag.py took 1.854 seconds
[2022-03-07 11:33:44,190] {processor.py:163} INFO - Started process (PID=217) to work on /opt/airflow/dags/upload_to_gcs_dag.py
[2022-03-07 11:33:44,192] {processor.py:642} INFO - Processing file /opt/airflow/dags/upload_to_gcs_dag.py for tasks to queue
[2022-03-07 11:33:44,193] {logging_mixin.py:109} INFO - [2022-03-07 11:33:44,193] {dagbag.py:500} INFO - Filling up the DagBag from /opt/airflow/dags/upload_to_gcs_dag.py
[2022-03-07 11:33:44,991] {processor.py:654} INFO - DAG(s) dict_keys(['upload_to_gcs_dag']) retrieved from /opt/airflow/dags/upload_to_gcs_dag.py
[2022-03-07 11:33:45,002] {logging_mixin.py:109} INFO - [2022-03-07 11:33:45,001] {dag.py:2396} INFO - Sync 1 DAGs
[2022-03-07 11:33:45,019] {logging_mixin.py:109} INFO - [2022-03-07 11:33:45,019] {dag.py:2935} INFO - Setting next_dagrun for upload_to_gcs_dag to 2022-03-06T00:00:00+00:00
[2022-03-07 11:33:45,059] {processor.py:171} INFO - Processing /opt/airflow/dags/upload_to_gcs_dag.py took 0.873 seconds
[2022-03-07 11:34:15,214] {processor.py:163} INFO - Started process (PID=241) to work on /opt/airflow/dags/upload_to_gcs_dag.py
[2022-03-07 11:34:15,216] {processor.py:642} INFO - Processing file /opt/airflow/dags/upload_to_gcs_dag.py for tasks to queue
[2022-03-07 11:34:15,217] {logging_mixin.py:109} INFO - [2022-03-07 11:34:15,217] {dagbag.py:500} INFO - Filling up the DagBag from /opt/airflow/dags/upload_to_gcs_dag.py
[2022-03-07 11:34:15,976] {processor.py:654} INFO - DAG(s) dict_keys(['upload_to_gcs_dag']) retrieved from /opt/airflow/dags/upload_to_gcs_dag.py
[2022-03-07 11:34:15,986] {logging_mixin.py:109} INFO - [2022-03-07 11:34:15,986] {dag.py:2396} INFO - Sync 1 DAGs
[2022-03-07 11:34:16,004] {logging_mixin.py:109} INFO - [2022-03-07 11:34:16,004] {dag.py:2935} INFO - Setting next_dagrun for upload_to_gcs_dag to 2022-03-06T00:00:00+00:00
[2022-03-07 11:34:16,050] {processor.py:171} INFO - Processing /opt/airflow/dags/upload_to_gcs_dag.py took 0.842 seconds
[2022-03-07 11:34:46,221] {processor.py:163} INFO - Started process (PID=276) to work on /opt/airflow/dags/upload_to_gcs_dag.py
[2022-03-07 11:34:46,223] {processor.py:642} INFO - Processing file /opt/airflow/dags/upload_to_gcs_dag.py for tasks to queue
[2022-03-07 11:34:46,224] {logging_mixin.py:109} INFO - [2022-03-07 11:34:46,224] {dagbag.py:500} INFO - Filling up the DagBag from /opt/airflow/dags/upload_to_gcs_dag.py
[2022-03-07 11:34:47,304] {processor.py:654} INFO - DAG(s) dict_keys(['upload_to_gcs_dag']) retrieved from /opt/airflow/dags/upload_to_gcs_dag.py
[2022-03-07 11:34:47,318] {logging_mixin.py:109} INFO - [2022-03-07 11:34:47,318] {dag.py:2396} INFO - Sync 1 DAGs
[2022-03-07 11:34:47,339] {logging_mixin.py:109} INFO - [2022-03-07 11:34:47,338] {dag.py:2935} INFO - Setting next_dagrun for upload_to_gcs_dag to 2022-03-06T00:00:00+00:00
[2022-03-07 11:34:47,383] {processor.py:171} INFO - Processing /opt/airflow/dags/upload_to_gcs_dag.py took 1.166 seconds
[2022-03-07 11:35:17,604] {processor.py:163} INFO - Started process (PID=300) to work on /opt/airflow/dags/upload_to_gcs_dag.py
[2022-03-07 11:35:17,606] {processor.py:642} INFO - Processing file /opt/airflow/dags/upload_to_gcs_dag.py for tasks to queue
[2022-03-07 11:35:17,607] {logging_mixin.py:109} INFO - [2022-03-07 11:35:17,607] {dagbag.py:500} INFO - Filling up the DagBag from /opt/airflow/dags/upload_to_gcs_dag.py
[2022-03-07 11:35:18,355] {processor.py:654} INFO - DAG(s) dict_keys(['upload_to_gcs_dag']) retrieved from /opt/airflow/dags/upload_to_gcs_dag.py
[2022-03-07 11:35:18,366] {logging_mixin.py:109} INFO - [2022-03-07 11:35:18,365] {dag.py:2396} INFO - Sync 1 DAGs
[2022-03-07 11:35:18,383] {logging_mixin.py:109} INFO - [2022-03-07 11:35:18,383] {dag.py:2935} INFO - Setting next_dagrun for upload_to_gcs_dag to 2022-03-06T00:00:00+00:00
[2022-03-07 11:35:18,450] {processor.py:171} INFO - Processing /opt/airflow/dags/upload_to_gcs_dag.py took 0.851 seconds
[2022-03-07 11:35:48,590] {processor.py:163} INFO - Started process (PID=336) to work on /opt/airflow/dags/upload_to_gcs_dag.py
[2022-03-07 11:35:48,591] {processor.py:642} INFO - Processing file /opt/airflow/dags/upload_to_gcs_dag.py for tasks to queue
[2022-03-07 11:35:48,592] {logging_mixin.py:109} INFO - [2022-03-07 11:35:48,592] {dagbag.py:500} INFO - Filling up the DagBag from /opt/airflow/dags/upload_to_gcs_dag.py
[2022-03-07 11:35:49,819] {processor.py:654} INFO - DAG(s) dict_keys(['upload_to_gcs_dag']) retrieved from /opt/airflow/dags/upload_to_gcs_dag.py
[2022-03-07 11:35:49,841] {logging_mixin.py:109} INFO - [2022-03-07 11:35:49,841] {dag.py:2396} INFO - Sync 1 DAGs
[2022-03-07 11:35:49,877] {logging_mixin.py:109} INFO - [2022-03-07 11:35:49,877] {dag.py:2935} INFO - Setting next_dagrun for upload_to_gcs_dag to 2022-03-06T00:00:00+00:00
[2022-03-07 11:35:49,950] {processor.py:171} INFO - Processing /opt/airflow/dags/upload_to_gcs_dag.py took 1.364 seconds
[2022-03-07 11:36:20,092] {processor.py:163} INFO - Started process (PID=362) to work on /opt/airflow/dags/upload_to_gcs_dag.py
[2022-03-07 11:36:20,093] {processor.py:642} INFO - Processing file /opt/airflow/dags/upload_to_gcs_dag.py for tasks to queue
[2022-03-07 11:36:20,094] {logging_mixin.py:109} INFO - [2022-03-07 11:36:20,094] {dagbag.py:500} INFO - Filling up the DagBag from /opt/airflow/dags/upload_to_gcs_dag.py
[2022-03-07 11:36:20,936] {processor.py:654} INFO - DAG(s) dict_keys(['upload_to_gcs_dag']) retrieved from /opt/airflow/dags/upload_to_gcs_dag.py
[2022-03-07 11:36:20,949] {logging_mixin.py:109} INFO - [2022-03-07 11:36:20,948] {dag.py:2396} INFO - Sync 1 DAGs
[2022-03-07 11:36:20,964] {logging_mixin.py:109} INFO - [2022-03-07 11:36:20,964] {dag.py:2935} INFO - Setting next_dagrun for upload_to_gcs_dag to 2022-03-06T00:00:00+00:00
[2022-03-07 11:36:21,067] {processor.py:171} INFO - Processing /opt/airflow/dags/upload_to_gcs_dag.py took 0.980 seconds
[2022-03-07 11:36:51,317] {processor.py:163} INFO - Started process (PID=387) to work on /opt/airflow/dags/upload_to_gcs_dag.py
[2022-03-07 11:36:51,319] {processor.py:642} INFO - Processing file /opt/airflow/dags/upload_to_gcs_dag.py for tasks to queue
[2022-03-07 11:36:51,320] {logging_mixin.py:109} INFO - [2022-03-07 11:36:51,320] {dagbag.py:500} INFO - Filling up the DagBag from /opt/airflow/dags/upload_to_gcs_dag.py
[2022-03-07 11:36:52,083] {processor.py:654} INFO - DAG(s) dict_keys(['upload_to_gcs_dag']) retrieved from /opt/airflow/dags/upload_to_gcs_dag.py
[2022-03-07 11:36:52,093] {logging_mixin.py:109} INFO - [2022-03-07 11:36:52,093] {dag.py:2396} INFO - Sync 1 DAGs
[2022-03-07 11:36:52,107] {logging_mixin.py:109} INFO - [2022-03-07 11:36:52,107] {dag.py:2935} INFO - Setting next_dagrun for upload_to_gcs_dag to 2022-03-06T00:00:00+00:00
[2022-03-07 11:36:52,153] {processor.py:171} INFO - Processing /opt/airflow/dags/upload_to_gcs_dag.py took 0.843 seconds
[2022-03-07 11:37:22,448] {processor.py:163} INFO - Started process (PID=420) to work on /opt/airflow/dags/upload_to_gcs_dag.py
[2022-03-07 11:37:22,450] {processor.py:642} INFO - Processing file /opt/airflow/dags/upload_to_gcs_dag.py for tasks to queue
[2022-03-07 11:37:22,451] {logging_mixin.py:109} INFO - [2022-03-07 11:37:22,451] {dagbag.py:500} INFO - Filling up the DagBag from /opt/airflow/dags/upload_to_gcs_dag.py
[2022-03-07 11:37:23,324] {processor.py:654} INFO - DAG(s) dict_keys(['upload_to_gcs_dag']) retrieved from /opt/airflow/dags/upload_to_gcs_dag.py
[2022-03-07 11:37:23,336] {logging_mixin.py:109} INFO - [2022-03-07 11:37:23,335] {dag.py:2396} INFO - Sync 1 DAGs
[2022-03-07 11:37:23,352] {logging_mixin.py:109} INFO - [2022-03-07 11:37:23,351] {dag.py:2935} INFO - Setting next_dagrun for upload_to_gcs_dag to 2022-03-06T00:00:00+00:00
[2022-03-07 11:37:23,394] {processor.py:171} INFO - Processing /opt/airflow/dags/upload_to_gcs_dag.py took 0.951 seconds
