[2022-03-19 14:31:19,801] {taskinstance.py:1032} INFO - Dependencies all met for <TaskInstance: upload_to_gcs_dag.to_parquet scheduled__2022-03-18T00:00:00+00:00 [queued]>
[2022-03-19 14:31:19,920] {taskinstance.py:1032} INFO - Dependencies all met for <TaskInstance: upload_to_gcs_dag.to_parquet scheduled__2022-03-18T00:00:00+00:00 [queued]>
[2022-03-19 14:31:19,921] {taskinstance.py:1238} INFO - 
--------------------------------------------------------------------------------
[2022-03-19 14:31:19,922] {taskinstance.py:1239} INFO - Starting attempt 1 of 2
[2022-03-19 14:31:19,923] {taskinstance.py:1240} INFO - 
--------------------------------------------------------------------------------
[2022-03-19 14:31:21,358] {taskinstance.py:1259} INFO - Executing <Task(PythonOperator): to_parquet> on 2022-03-18 00:00:00+00:00
[2022-03-19 14:31:21,369] {standard_task_runner.py:52} INFO - Started process 230 to run task
[2022-03-19 14:31:21,376] {standard_task_runner.py:76} INFO - Running: ['***', 'tasks', 'run', 'upload_to_gcs_dag', 'to_parquet', 'scheduled__2022-03-18T00:00:00+00:00', '--job-id', '45', '--raw', '--subdir', 'DAGS_FOLDER/upload_to_gcs_dag.py', '--cfg-path', '/tmp/tmp0vexzgps', '--error-file', '/tmp/tmp3kfxbalg']
[2022-03-19 14:31:21,378] {standard_task_runner.py:77} INFO - Job 45: Subtask to_parquet
[2022-03-19 14:31:22,204] {logging_mixin.py:109} INFO - Running <TaskInstance: upload_to_gcs_dag.to_parquet scheduled__2022-03-18T00:00:00+00:00 [running]> on host 777e2f1225f4
[2022-03-19 14:31:22,962] {taskinstance.py:1426} INFO - Exporting the following env vars:
AIRFLOW_CTX_DAG_OWNER=***
AIRFLOW_CTX_DAG_ID=upload_to_gcs_dag
AIRFLOW_CTX_TASK_ID=to_parquet
AIRFLOW_CTX_EXECUTION_DATE=2022-03-18T00:00:00+00:00
AIRFLOW_CTX_DAG_RUN_ID=scheduled__2022-03-18T00:00:00+00:00
[2022-03-19 14:33:41,562] {python.py:175} INFO - Done. Returned value was: None
[2022-03-19 14:33:41,578] {taskinstance.py:1277} INFO - Marking task as SUCCESS. dag_id=upload_to_gcs_dag, task_id=to_parquet, execution_date=20220318T000000, start_date=20220319T143119, end_date=20220319T143341
[2022-03-19 14:33:43,182] {local_task_job.py:154} INFO - Task exited with return code 0
[2022-03-19 14:33:43,943] {local_task_job.py:264} INFO - 0 downstream tasks scheduled from follow-on schedule check
