[2022-03-12 13:52:09,775] {taskinstance.py:1032} INFO - Dependencies all met for <TaskInstance: upload_to_gcs_dag.kaggle_download scheduled__2022-03-11T00:00:00+00:00 [queued]>
[2022-03-12 13:52:09,789] {taskinstance.py:1032} INFO - Dependencies all met for <TaskInstance: upload_to_gcs_dag.kaggle_download scheduled__2022-03-11T00:00:00+00:00 [queued]>
[2022-03-12 13:52:09,789] {taskinstance.py:1238} INFO - 
--------------------------------------------------------------------------------
[2022-03-12 13:52:09,790] {taskinstance.py:1239} INFO - Starting attempt 2 of 3
[2022-03-12 13:52:09,790] {taskinstance.py:1240} INFO - 
--------------------------------------------------------------------------------
[2022-03-12 13:52:09,850] {taskinstance.py:1259} INFO - Executing <Task(BashOperator): kaggle_download> on 2022-03-11 00:00:00+00:00
[2022-03-12 13:52:09,856] {standard_task_runner.py:52} INFO - Started process 589 to run task
[2022-03-12 13:52:09,860] {standard_task_runner.py:76} INFO - Running: ['***', 'tasks', 'run', 'upload_to_gcs_dag', 'kaggle_download', 'scheduled__2022-03-11T00:00:00+00:00', '--job-id', '5', '--raw', '--subdir', 'DAGS_FOLDER/upload_to_gcs_dag.py', '--cfg-path', '/tmp/tmpgiszf22i', '--error-file', '/tmp/tmpqkv_8gkr']
[2022-03-12 13:52:09,861] {standard_task_runner.py:77} INFO - Job 5: Subtask kaggle_download
[2022-03-12 13:52:10,006] {logging_mixin.py:109} INFO - Running <TaskInstance: upload_to_gcs_dag.kaggle_download scheduled__2022-03-11T00:00:00+00:00 [running]> on host 0488dca298aa
[2022-03-12 13:52:10,225] {taskinstance.py:1426} INFO - Exporting the following env vars:
AIRFLOW_CTX_DAG_OWNER=***
AIRFLOW_CTX_DAG_ID=upload_to_gcs_dag
AIRFLOW_CTX_TASK_ID=kaggle_download
AIRFLOW_CTX_EXECUTION_DATE=2022-03-11T00:00:00+00:00
AIRFLOW_CTX_DAG_RUN_ID=scheduled__2022-03-11T00:00:00+00:00
[2022-03-12 13:52:10,233] {subprocess.py:62} INFO - Tmp dir root location: 
 /tmp
[2022-03-12 13:52:10,235] {subprocess.py:74} INFO - Running command: ['bash', '-c', 'whoami && pwd']
[2022-03-12 13:52:10,249] {subprocess.py:85} INFO - Output:
[2022-03-12 13:52:10,263] {subprocess.py:89} INFO - default
[2022-03-12 13:52:10,264] {subprocess.py:89} INFO - /tmp/***tmpvaf3g873
[2022-03-12 13:52:10,264] {subprocess.py:93} INFO - Command exited with return code 0
[2022-03-12 13:52:10,293] {taskinstance.py:1277} INFO - Marking task as SUCCESS. dag_id=upload_to_gcs_dag, task_id=kaggle_download, execution_date=20220311T000000, start_date=20220312T135209, end_date=20220312T135210
[2022-03-12 13:52:10,515] {local_task_job.py:154} INFO - Task exited with return code 0
[2022-03-12 13:52:10,625] {local_task_job.py:264} INFO - 0 downstream tasks scheduled from follow-on schedule check
