[2022-03-19 14:26:12,808] {taskinstance.py:1032} INFO - Dependencies all met for <TaskInstance: upload_to_gcs_dag.to_csv scheduled__2022-03-18T00:00:00+00:00 [queued]>
[2022-03-19 14:26:12,830] {taskinstance.py:1032} INFO - Dependencies all met for <TaskInstance: upload_to_gcs_dag.to_csv scheduled__2022-03-18T00:00:00+00:00 [queued]>
[2022-03-19 14:26:12,830] {taskinstance.py:1238} INFO - 
--------------------------------------------------------------------------------
[2022-03-19 14:26:12,831] {taskinstance.py:1239} INFO - Starting attempt 1 of 2
[2022-03-19 14:26:12,831] {taskinstance.py:1240} INFO - 
--------------------------------------------------------------------------------
[2022-03-19 14:26:13,428] {taskinstance.py:1259} INFO - Executing <Task(PythonOperator): to_csv> on 2022-03-18 00:00:00+00:00
[2022-03-19 14:26:13,437] {standard_task_runner.py:52} INFO - Started process 145 to run task
[2022-03-19 14:26:13,444] {standard_task_runner.py:76} INFO - Running: ['***', 'tasks', 'run', 'upload_to_gcs_dag', 'to_csv', 'scheduled__2022-03-18T00:00:00+00:00', '--job-id', '44', '--raw', '--subdir', 'DAGS_FOLDER/upload_to_gcs_dag.py', '--cfg-path', '/tmp/tmpj0gcze40', '--error-file', '/tmp/tmpvhddvkhv']
[2022-03-19 14:26:13,448] {standard_task_runner.py:77} INFO - Job 44: Subtask to_csv
[2022-03-19 14:26:14,164] {logging_mixin.py:109} INFO - Running <TaskInstance: upload_to_gcs_dag.to_csv scheduled__2022-03-18T00:00:00+00:00 [running]> on host 777e2f1225f4
[2022-03-19 14:26:15,022] {taskinstance.py:1426} INFO - Exporting the following env vars:
AIRFLOW_CTX_DAG_OWNER=***
AIRFLOW_CTX_DAG_ID=upload_to_gcs_dag
AIRFLOW_CTX_TASK_ID=to_csv
AIRFLOW_CTX_EXECUTION_DATE=2022-03-18T00:00:00+00:00
AIRFLOW_CTX_DAG_RUN_ID=scheduled__2022-03-18T00:00:00+00:00
[2022-03-19 14:27:12,827] {logging_mixin.py:109} INFO - Convertation complete for /opt/***/combined_data_1.txt
[2022-03-19 14:27:12,828] {logging_mixin.py:109} INFO - 
[2022-03-19 14:28:22,351] {logging_mixin.py:109} INFO - Convertation complete for /opt/***/combined_data_2.txt
[2022-03-19 14:28:22,351] {logging_mixin.py:109} INFO - 
[2022-03-19 14:29:16,554] {logging_mixin.py:109} INFO - Convertation complete for /opt/***/combined_data_3.txt
[2022-03-19 14:29:16,555] {logging_mixin.py:109} INFO - 
[2022-03-19 14:30:28,789] {logging_mixin.py:109} INFO - Convertation complete for /opt/***/combined_data_4.txt
[2022-03-19 14:30:28,789] {logging_mixin.py:109} INFO - 
[2022-03-19 14:30:47,751] {python.py:175} INFO - Done. Returned value was: None
[2022-03-19 14:30:54,356] {taskinstance.py:1277} INFO - Marking task as SUCCESS. dag_id=upload_to_gcs_dag, task_id=to_csv, execution_date=20220318T000000, start_date=20220319T142612, end_date=20220319T143054
[2022-03-19 14:30:57,860] {local_task_job.py:154} INFO - Task exited with return code 0
[2022-03-19 14:31:01,266] {local_task_job.py:264} INFO - 1 downstream tasks scheduled from follow-on schedule check
