[2022-03-12 11:41:10,406] {taskinstance.py:1032} INFO - Dependencies all met for <TaskInstance: upload_to_gcs_dag.kaggle_download_2 scheduled__2022-03-11T00:00:00+00:00 [queued]>
[2022-03-12 11:41:10,417] {taskinstance.py:1032} INFO - Dependencies all met for <TaskInstance: upload_to_gcs_dag.kaggle_download_2 scheduled__2022-03-11T00:00:00+00:00 [queued]>
[2022-03-12 11:41:10,417] {taskinstance.py:1238} INFO - 
--------------------------------------------------------------------------------
[2022-03-12 11:41:10,417] {taskinstance.py:1239} INFO - Starting attempt 1 of 2
[2022-03-12 11:41:10,418] {taskinstance.py:1240} INFO - 
--------------------------------------------------------------------------------
[2022-03-12 11:41:10,849] {taskinstance.py:1259} INFO - Executing <Task(BashOperator): kaggle_download_2> on 2022-03-11 00:00:00+00:00
[2022-03-12 11:41:10,855] {standard_task_runner.py:52} INFO - Started process 1791 to run task
[2022-03-12 11:41:10,860] {standard_task_runner.py:76} INFO - Running: ['***', 'tasks', 'run', 'upload_to_gcs_dag', 'kaggle_download_2', 'scheduled__2022-03-11T00:00:00+00:00', '--job-id', '4', '--raw', '--subdir', 'DAGS_FOLDER/upload_to_gcs_dag.py', '--cfg-path', '/tmp/tmpz73kwcw9', '--error-file', '/tmp/tmp85mec0m1']
[2022-03-12 11:41:10,862] {standard_task_runner.py:77} INFO - Job 4: Subtask kaggle_download_2
[2022-03-12 11:41:11,019] {logging_mixin.py:109} INFO - Running <TaskInstance: upload_to_gcs_dag.kaggle_download_2 scheduled__2022-03-11T00:00:00+00:00 [running]> on host 62d47711fce8
[2022-03-12 11:41:11,331] {taskinstance.py:1426} INFO - Exporting the following env vars:
AIRFLOW_CTX_DAG_OWNER=***
AIRFLOW_CTX_DAG_ID=upload_to_gcs_dag
AIRFLOW_CTX_TASK_ID=kaggle_download_2
AIRFLOW_CTX_EXECUTION_DATE=2022-03-11T00:00:00+00:00
AIRFLOW_CTX_DAG_RUN_ID=scheduled__2022-03-11T00:00:00+00:00
[2022-03-12 11:41:11,333] {subprocess.py:62} INFO - Tmp dir root location: 
 /tmp
[2022-03-12 11:41:11,334] {subprocess.py:74} INFO - Running command: ['bash', '-c', 'whoami > text_whoami.txt']
[2022-03-12 11:41:11,350] {subprocess.py:85} INFO - Output:
[2022-03-12 11:41:11,355] {subprocess.py:93} INFO - Command exited with return code 0
[2022-03-12 11:41:11,371] {taskinstance.py:1277} INFO - Marking task as SUCCESS. dag_id=upload_to_gcs_dag, task_id=kaggle_download_2, execution_date=20220311T000000, start_date=20220312T114110, end_date=20220312T114111
[2022-03-12 11:41:11,476] {local_task_job.py:154} INFO - Task exited with return code 0
[2022-03-12 11:41:11,687] {local_task_job.py:264} INFO - 0 downstream tasks scheduled from follow-on schedule check
[2022-03-12 13:46:29,869] {taskinstance.py:1032} INFO - Dependencies all met for <TaskInstance: upload_to_gcs_dag.kaggle_download_2 scheduled__2022-03-11T00:00:00+00:00 [queued]>
[2022-03-12 13:46:29,893] {taskinstance.py:1032} INFO - Dependencies all met for <TaskInstance: upload_to_gcs_dag.kaggle_download_2 scheduled__2022-03-11T00:00:00+00:00 [queued]>
[2022-03-12 13:46:29,894] {taskinstance.py:1238} INFO - 
--------------------------------------------------------------------------------
[2022-03-12 13:46:29,894] {taskinstance.py:1239} INFO - Starting attempt 1 of 2
[2022-03-12 13:46:29,894] {taskinstance.py:1240} INFO - 
--------------------------------------------------------------------------------
[2022-03-12 13:46:30,338] {taskinstance.py:1259} INFO - Executing <Task(BashOperator): kaggle_download_2> on 2022-03-11 00:00:00+00:00
[2022-03-12 13:46:30,345] {standard_task_runner.py:52} INFO - Started process 344 to run task
[2022-03-12 13:46:30,349] {standard_task_runner.py:76} INFO - Running: ['***', 'tasks', 'run', 'upload_to_gcs_dag', 'kaggle_download_2', 'scheduled__2022-03-11T00:00:00+00:00', '--job-id', '4', '--raw', '--subdir', 'DAGS_FOLDER/upload_to_gcs_dag.py', '--cfg-path', '/tmp/tmpswevitqd', '--error-file', '/tmp/tmpdlyq4w5b']
[2022-03-12 13:46:30,350] {standard_task_runner.py:77} INFO - Job 4: Subtask kaggle_download_2
[2022-03-12 13:46:30,557] {logging_mixin.py:109} INFO - Running <TaskInstance: upload_to_gcs_dag.kaggle_download_2 scheduled__2022-03-11T00:00:00+00:00 [running]> on host 0488dca298aa
[2022-03-12 13:46:30,760] {taskinstance.py:1426} INFO - Exporting the following env vars:
AIRFLOW_CTX_DAG_OWNER=***
AIRFLOW_CTX_DAG_ID=upload_to_gcs_dag
AIRFLOW_CTX_TASK_ID=kaggle_download_2
AIRFLOW_CTX_EXECUTION_DATE=2022-03-11T00:00:00+00:00
AIRFLOW_CTX_DAG_RUN_ID=scheduled__2022-03-11T00:00:00+00:00
[2022-03-12 13:46:30,763] {subprocess.py:62} INFO - Tmp dir root location: 
 /tmp
[2022-03-12 13:46:30,765] {subprocess.py:74} INFO - Running command: ['bash', '-c', 'whoami > text_whoami.txt && pwd']
[2022-03-12 13:46:30,781] {subprocess.py:85} INFO - Output:
[2022-03-12 13:46:30,797] {subprocess.py:89} INFO - /tmp/***tmp3t2sayq4
[2022-03-12 13:46:30,799] {subprocess.py:93} INFO - Command exited with return code 0
[2022-03-12 13:46:30,818] {taskinstance.py:1277} INFO - Marking task as SUCCESS. dag_id=upload_to_gcs_dag, task_id=kaggle_download_2, execution_date=20220311T000000, start_date=20220312T134629, end_date=20220312T134630
[2022-03-12 13:46:30,919] {local_task_job.py:154} INFO - Task exited with return code 0
[2022-03-12 13:46:30,985] {local_task_job.py:264} INFO - 0 downstream tasks scheduled from follow-on schedule check
