[2022-03-12 13:27:22,728] {taskinstance.py:1032} INFO - Dependencies all met for <TaskInstance: upload_to_gcs_dag.kaggle_download_2 scheduled__2022-03-11T00:00:00+00:00 [queued]>
[2022-03-12 13:27:22,747] {taskinstance.py:1032} INFO - Dependencies all met for <TaskInstance: upload_to_gcs_dag.kaggle_download_2 scheduled__2022-03-11T00:00:00+00:00 [queued]>
[2022-03-12 13:27:22,747] {taskinstance.py:1238} INFO - 
--------------------------------------------------------------------------------
[2022-03-12 13:27:22,748] {taskinstance.py:1239} INFO - Starting attempt 2 of 3
[2022-03-12 13:27:22,748] {taskinstance.py:1240} INFO - 
--------------------------------------------------------------------------------
[2022-03-12 13:27:23,000] {taskinstance.py:1259} INFO - Executing <Task(BashOperator): kaggle_download_2> on 2022-03-11 00:00:00+00:00
[2022-03-12 13:27:23,009] {standard_task_runner.py:52} INFO - Started process 6384 to run task
[2022-03-12 13:27:23,013] {standard_task_runner.py:76} INFO - Running: ['***', 'tasks', 'run', 'upload_to_gcs_dag', 'kaggle_download_2', 'scheduled__2022-03-11T00:00:00+00:00', '--job-id', '5', '--raw', '--subdir', 'DAGS_FOLDER/upload_to_gcs_dag.py', '--cfg-path', '/tmp/tmpyr03aw_2', '--error-file', '/tmp/tmpk_wtskzw']
[2022-03-12 13:27:23,014] {standard_task_runner.py:77} INFO - Job 5: Subtask kaggle_download_2
[2022-03-12 13:27:23,197] {logging_mixin.py:109} INFO - Running <TaskInstance: upload_to_gcs_dag.kaggle_download_2 scheduled__2022-03-11T00:00:00+00:00 [running]> on host 62d47711fce8
[2022-03-12 13:27:23,479] {taskinstance.py:1426} INFO - Exporting the following env vars:
AIRFLOW_CTX_DAG_OWNER=***
AIRFLOW_CTX_DAG_ID=upload_to_gcs_dag
AIRFLOW_CTX_TASK_ID=kaggle_download_2
AIRFLOW_CTX_EXECUTION_DATE=2022-03-11T00:00:00+00:00
AIRFLOW_CTX_DAG_RUN_ID=scheduled__2022-03-11T00:00:00+00:00
[2022-03-12 13:27:23,480] {subprocess.py:62} INFO - Tmp dir root location: 
 /tmp
[2022-03-12 13:27:23,482] {subprocess.py:74} INFO - Running command: ['bash', '-c', 'whoami > text_whoami.txt && pwd']
[2022-03-12 13:27:23,493] {subprocess.py:85} INFO - Output:
[2022-03-12 13:27:23,500] {subprocess.py:89} INFO - /tmp/***tmpq1gpbme1
[2022-03-12 13:27:23,500] {subprocess.py:93} INFO - Command exited with return code 0
[2022-03-12 13:27:23,517] {taskinstance.py:1277} INFO - Marking task as SUCCESS. dag_id=upload_to_gcs_dag, task_id=kaggle_download_2, execution_date=20220311T000000, start_date=20220312T132722, end_date=20220312T132723
[2022-03-12 13:27:23,589] {local_task_job.py:154} INFO - Task exited with return code 0
[2022-03-12 13:27:23,662] {local_task_job.py:264} INFO - 0 downstream tasks scheduled from follow-on schedule check
